{"/home/mohammad.fadhil/Desktop/Week-5/Day-4/src/main.ts": {"path":"/home/mohammad.fadhil/Desktop/Week-5/Day-4/src/main.ts","statementMap":{"0":{"start":{"line":48,"column":0},"end":{"line":48,"column":16}},"1":{"start":{"line":68,"column":0},"end":{"line":68,"column":7}},"2":{"start":{"line":90,"column":0},"end":{"line":90,"column":7}},"3":{"start":{"line":100,"column":0},"end":{"line":100,"column":16}},"4":{"start":{"line":1,"column":0},"end":{"line":1,"column":34}},"5":{"start":{"line":2,"column":0},"end":{"line":2,"column":38}},"6":{"start":{"line":3,"column":0},"end":{"line":3,"column":48}},"7":{"start":{"line":4,"column":0},"end":{"line":4,"column":52}},"8":{"start":{"line":5,"column":0},"end":{"line":5,"column":48}},"9":{"start":{"line":6,"column":0},"end":{"line":6,"column":56}},"10":{"start":{"line":7,"column":0},"end":{"line":7,"column":46}},"11":{"start":{"line":8,"column":0},"end":{"line":8,"column":58}},"12":{"start":{"line":9,"column":0},"end":{"line":9,"column":65}},"13":{"start":{"line":10,"column":0},"end":{"line":10,"column":57}},"14":{"start":{"line":11,"column":0},"end":{"line":11,"column":39}},"15":{"start":{"line":13,"column":28},"end":{"line":23,"column":2}},"16":{"start":{"line":25,"column":18},"end":{"line":25,"column":51}},"17":{"start":{"line":28,"column":0},"end":{"line":28,"column":45}},"18":{"start":{"line":28,"column":15},"end":{"line":28,"column":45}},"19":{"start":{"line":30,"column":0},"end":{"line":32,"column":1}},"20":{"start":{"line":31,"column":4},"end":{"line":31,"column":49}},"21":{"start":{"line":34,"column":13},"end":{"line":34,"column":56}},"22":{"start":{"line":35,"column":18},"end":{"line":35,"column":74}},"23":{"start":{"line":36,"column":15},"end":{"line":36,"column":17}},"24":{"start":{"line":38,"column":0},"end":{"line":38,"column":46}},"25":{"start":{"line":40,"column":0},"end":{"line":40,"column":46}},"26":{"start":{"line":42,"column":0},"end":{"line":42,"column":50}},"27":{"start":{"line":44,"column":0},"end":{"line":44,"column":54}},"28":{"start":{"line":46,"column":0},"end":{"line":46,"column":56}},"29":{"start":{"line":49,"column":4},"end":{"line":60,"column":7}},"30":{"start":{"line":50,"column":8},"end":{"line":59,"column":11}},"31":{"start":{"line":51,"column":27},"end":{"line":51,"column":57}},"32":{"start":{"line":53,"column":12},"end":{"line":53,"column":31}},"33":{"start":{"line":54,"column":24},"end":{"line":54,"column":39}},"34":{"start":{"line":55,"column":12},"end":{"line":58,"column":13}},"35":{"start":{"line":56,"column":16},"end":{"line":56,"column":47}},"36":{"start":{"line":57,"column":16},"end":{"line":57,"column":68}},"37":{"start":{"line":62,"column":0},"end":{"line":62,"column":22}},"38":{"start":{"line":64,"column":0},"end":{"line":66,"column":2}},"39":{"start":{"line":65,"column":4},"end":{"line":65,"column":17}},"40":{"start":{"line":69,"column":19},"end":{"line":69,"column":45}},"41":{"start":{"line":70,"column":20},"end":{"line":70,"column":22}},"42":{"start":{"line":71,"column":4},"end":{"line":76,"column":5}},"43":{"start":{"line":72,"column":26},"end":{"line":72,"column":45}},"44":{"start":{"line":73,"column":8},"end":{"line":73,"column":52}},"45":{"start":{"line":74,"column":23},"end":{"line":74,"column":63}},"46":{"start":{"line":75,"column":8},"end":{"line":75,"column":33}},"47":{"start":{"line":77,"column":4},"end":{"line":87,"column":5}},"48":{"start":{"line":78,"column":8},"end":{"line":78,"column":43}},"49":{"start":{"line":80,"column":8},"end":{"line":86,"column":9}},"50":{"start":{"line":81,"column":24},"end":{"line":81,"column":31}},"51":{"start":{"line":82,"column":12},"end":{"line":82,"column":46}},"52":{"start":{"line":83,"column":12},"end":{"line":83,"column":46}},"53":{"start":{"line":85,"column":12},"end":{"line":85,"column":23}},"54":{"start":{"line":91,"column":4},"end":{"line":97,"column":7}},"55":{"start":{"line":101,"column":4},"end":{"line":107,"column":7}},"56":{"start":{"line":110,"column":0},"end":{"line":113,"column":3}},"57":{"start":{"line":111,"column":4},"end":{"line":111,"column":65}},"58":{"start":{"line":112,"column":4},"end":{"line":112,"column":24}},"59":{"start":{"line":115,"column":0},"end":{"line":117,"column":3}},"60":{"start":{"line":116,"column":4},"end":{"line":116,"column":43}},"61":{"start":{"line":119,"column":0},"end":{"line":121,"column":2}},"62":{"start":{"line":120,"column":4},"end":{"line":120,"column":50}},"63":{"start":{"line":123,"column":0},"end":{"line":138,"column":3}},"64":{"start":{"line":124,"column":4},"end":{"line":137,"column":5}},"65":{"start":{"line":125,"column":24},"end":{"line":125,"column":78}},"66":{"start":{"line":127,"column":8},"end":{"line":130,"column":13}},"67":{"start":{"line":128,"column":12},"end":{"line":130,"column":13}},"68":{"start":{"line":129,"column":16},"end":{"line":129,"column":47}},"69":{"start":{"line":131,"column":8},"end":{"line":136,"column":9}},"70":{"start":{"line":132,"column":30},"end":{"line":133,"column":null}},"71":{"start":{"line":135,"column":12},"end":{"line":135,"column":30}}},"fnMap":{"0":{"name":"anchorRouteListener","decl":{"start":{"line":48,"column":16},"end":{"line":48,"column":35}},"loc":{"start":{"line":48,"column":35},"end":{"line":61,"column":1}}},"1":{"name":"(anonymous_1)","decl":{"start":{"line":49,"column":43},"end":{"line":49,"column":44}},"loc":{"start":{"line":49,"column":50},"end":{"line":60,"column":5}}},"2":{"name":"(anonymous_2)","decl":{"start":{"line":50,"column":37},"end":{"line":50,"column":42}},"loc":{"start":{"line":50,"column":49},"end":{"line":59,"column":9}}},"3":{"name":"(anonymous_3)","decl":{"start":{"line":64,"column":16},"end":{"line":64,"column":21}},"loc":{"start":{"line":64,"column":28},"end":{"line":66,"column":1}}},"4":{"name":"init","decl":{"start":{"line":68,"column":22},"end":{"line":68,"column":26}},"loc":{"start":{"line":68,"column":26},"end":{"line":88,"column":1}}},"5":{"name":"onMovieAdded","decl":{"start":{"line":90,"column":22},"end":{"line":90,"column":34}},"loc":{"start":{"line":90,"column":50},"end":{"line":98,"column":1}}},"6":{"name":"onMovieDelete","decl":{"start":{"line":100,"column":16},"end":{"line":100,"column":29}},"loc":{"start":{"line":100,"column":45},"end":{"line":108,"column":1}}},"7":{"name":"(anonymous_7)","decl":{"start":{"line":110,"column":33},"end":{"line":110,"column":38}},"loc":{"start":{"line":110,"column":56},"end":{"line":113,"column":1}}},"8":{"name":"(anonymous_8)","decl":{"start":{"line":115,"column":31},"end":{"line":115,"column":36}},"loc":{"start":{"line":115,"column":54},"end":{"line":117,"column":1}}},"9":{"name":"(anonymous_9)","decl":{"start":{"line":119,"column":20},"end":{"line":119,"column":21}},"loc":{"start":{"line":119,"column":30},"end":{"line":121,"column":1}}},"10":{"name":"(anonymous_10)","decl":{"start":{"line":123,"column":35},"end":{"line":123,"column":36}},"loc":{"start":{"line":123,"column":41},"end":{"line":138,"column":1}}}},"branchMap":{"0":{"loc":{"start":{"line":28,"column":0},"end":{"line":28,"column":45}},"type":"if","locations":[{"start":{"line":28,"column":0},"end":{"line":28,"column":45}},{"start":{},"end":{}}]},"1":{"loc":{"start":{"line":30,"column":0},"end":{"line":32,"column":1}},"type":"if","locations":[{"start":{"line":30,"column":0},"end":{"line":32,"column":1}},{"start":{},"end":{}}]},"2":{"loc":{"start":{"line":55,"column":12},"end":{"line":58,"column":13}},"type":"if","locations":[{"start":{"line":55,"column":12},"end":{"line":58,"column":13}},{"start":{},"end":{}}]},"3":{"loc":{"start":{"line":71,"column":4},"end":{"line":76,"column":5}},"type":"if","locations":[{"start":{"line":71,"column":4},"end":{"line":76,"column":5}},{"start":{},"end":{}}]},"4":{"loc":{"start":{"line":77,"column":4},"end":{"line":87,"column":5}},"type":"if","locations":[{"start":{"line":77,"column":4},"end":{"line":87,"column":5}},{"start":{"line":79,"column":11},"end":{"line":87,"column":5}}]},"5":{"loc":{"start":{"line":124,"column":4},"end":{"line":137,"column":5}},"type":"if","locations":[{"start":{"line":124,"column":4},"end":{"line":137,"column":5}},{"start":{},"end":{}}]},"6":{"loc":{"start":{"line":127,"column":8},"end":{"line":130,"column":13}},"type":"if","locations":[{"start":{"line":127,"column":8},"end":{"line":130,"column":13}},{"start":{},"end":{}}]},"7":{"loc":{"start":{"line":128,"column":12},"end":{"line":130,"column":13}},"type":"if","locations":[{"start":{"line":128,"column":12},"end":{"line":130,"column":13}},{"start":{},"end":{}}]},"8":{"loc":{"start":{"line":131,"column":8},"end":{"line":136,"column":9}},"type":"if","locations":[{"start":{"line":131,"column":8},"end":{"line":136,"column":9}},{"start":{},"end":{}}]}},"s":{"0":11,"1":11,"2":11,"3":11,"4":11,"5":11,"6":11,"7":11,"8":11,"9":11,"10":11,"11":11,"12":11,"13":11,"14":11,"15":11,"16":11,"17":11,"18":0,"19":11,"20":0,"21":11,"22":11,"23":11,"24":11,"25":11,"26":11,"27":11,"28":11,"29":12,"30":4,"31":1,"32":1,"33":1,"34":1,"35":0,"36":0,"37":11,"38":11,"39":0,"40":3,"41":3,"42":3,"43":1,"44":1,"45":1,"46":1,"47":3,"48":2,"49":1,"50":1,"51":1,"52":1,"53":0,"54":4,"55":0,"56":11,"57":6,"58":4,"59":11,"60":3,"61":11,"62":0,"63":11,"64":2,"65":2,"66":2,"67":1,"68":1,"69":2,"70":0,"71":0},"f":{"0":12,"1":4,"2":1,"3":0,"4":3,"5":4,"6":0,"7":6,"8":3,"9":0,"10":2},"b":{"0":[0,11],"1":[0,11],"2":[0,1],"3":[1,2],"4":[2,1],"5":[2,0],"6":[1,1],"7":[1,0],"8":[0,2]}}
,"/home/mohammad.fadhil/Desktop/Week-5/Day-4/src/js/utils.ts": {"path":"/home/mohammad.fadhil/Desktop/Week-5/Day-4/src/js/utils.ts","statementMap":{"0":{"start":{"line":3,"column":0},"end":{"line":3,"column":16}},"1":{"start":{"line":11,"column":0},"end":{"line":11,"column":7}},"2":{"start":{"line":30,"column":0},"end":{"line":30,"column":7}},"3":{"start":{"line":40,"column":0},"end":{"line":40,"column":7}},"4":{"start":{"line":49,"column":0},"end":{"line":49,"column":16}},"5":{"start":{"line":80,"column":0},"end":{"line":80,"column":16}},"6":{"start":{"line":110,"column":0},"end":{"line":110,"column":7}},"7":{"start":{"line":166,"column":0},"end":{"line":166,"column":16}},"8":{"start":{"line":1,"column":0},"end":{"line":1,"column":35}},"9":{"start":{"line":8,"column":4},"end":{"line":8,"column":29}},"10":{"start":{"line":16,"column":15},"end":{"line":16,"column":27}},"11":{"start":{"line":17,"column":4},"end":{"line":28,"column":5}},"12":{"start":{"line":18,"column":8},"end":{"line":25,"column":9}},"13":{"start":{"line":19,"column":12},"end":{"line":19,"column":36}},"14":{"start":{"line":20,"column":12},"end":{"line":20,"column":24}},"15":{"start":{"line":22,"column":12},"end":{"line":22,"column":23}},"16":{"start":{"line":24,"column":12},"end":{"line":24,"column":24}},"17":{"start":{"line":27,"column":8},"end":{"line":27,"column":21}},"18":{"start":{"line":31,"column":4},"end":{"line":37,"column":7}},"19":{"start":{"line":41,"column":4},"end":{"line":47,"column":5}},"20":{"start":{"line":42,"column":25},"end":{"line":42,"column":41}},"21":{"start":{"line":43,"column":21},"end":{"line":43,"column":36}},"22":{"start":{"line":44,"column":8},"end":{"line":44,"column":20}},"23":{"start":{"line":46,"column":8},"end":{"line":46,"column":27}},"24":{"start":{"line":50,"column":4},"end":{"line":78,"column":5}},"25":{"start":{"line":52,"column":12},"end":{"line":52,"column":55}},"26":{"start":{"line":54,"column":25},"end":{"line":54,"column":45}},"27":{"start":{"line":55,"column":12},"end":{"line":69,"column":13}},"28":{"start":{"line":56,"column":16},"end":{"line":60,"column":18}},"29":{"start":{"line":61,"column":16},"end":{"line":61,"column":44}},"30":{"start":{"line":63,"column":16},"end":{"line":67,"column":18}},"31":{"start":{"line":68,"column":16},"end":{"line":68,"column":47}},"32":{"start":{"line":70,"column":24},"end":{"line":74,"column":14}},"33":{"start":{"line":75,"column":12},"end":{"line":75,"column":48}},"34":{"start":{"line":77,"column":12},"end":{"line":77,"column":25}},"35":{"start":{"line":81,"column":16},"end":{"line":81,"column":28}},"36":{"start":{"line":82,"column":55},"end":{"line":82,"column":57}},"37":{"start":{"line":83,"column":4},"end":{"line":107,"column":6}},"38":{"start":{"line":85,"column":12},"end":{"line":85,"column":25}},"39":{"start":{"line":88,"column":12},"end":{"line":94,"column":13}},"40":{"start":{"line":92,"column":16},"end":{"line":92,"column":74}},"41":{"start":{"line":93,"column":16},"end":{"line":93,"column":23}},"42":{"start":{"line":95,"column":12},"end":{"line":95,"column":43}},"43":{"start":{"line":96,"column":33},"end":{"line":96,"column":55}},"44":{"start":{"line":98,"column":12},"end":{"line":100,"column":13}},"45":{"start":{"line":99,"column":16},"end":{"line":99,"column":38}},"46":{"start":{"line":103,"column":12},"end":{"line":103,"column":53}},"47":{"start":{"line":103,"column":33},"end":{"line":103,"column":53}},"48":{"start":{"line":104,"column":12},"end":{"line":104,"column":42}},"49":{"start":{"line":105,"column":12},"end":{"line":105,"column":47}},"50":{"start":{"line":105,"column":25},"end":{"line":105,"column":46}},"51":{"start":{"line":111,"column":4},"end":{"line":135,"column":5}},"52":{"start":{"line":112,"column":25},"end":{"line":112,"column":46}},"53":{"start":{"line":113,"column":21},"end":{"line":113,"column":42}},"54":{"start":{"line":114,"column":22},"end":{"line":114,"column":48}},"55":{"start":{"line":116,"column":24},"end":{"line":116,"column":43}},"56":{"start":{"line":117,"column":23},"end":{"line":117,"column":25}},"57":{"start":{"line":119,"column":8},"end":{"line":130,"column":9}},"58":{"start":{"line":119,"column":21},"end":{"line":119,"column":22}},"59":{"start":{"line":120,"column":12},"end":{"line":120,"column":43}},"60":{"start":{"line":120,"column":34},"end":{"line":120,"column":43}},"61":{"start":{"line":122,"column":27},"end":{"line":122,"column":46}},"62":{"start":{"line":123,"column":48},"end":{"line":123,"column":50}},"63":{"start":{"line":125,"column":12},"end":{"line":127,"column":15}},"64":{"start":{"line":126,"column":16},"end":{"line":126,"column":50}},"65":{"start":{"line":129,"column":12},"end":{"line":129,"column":29}},"66":{"start":{"line":132,"column":8},"end":{"line":132,"column":22}},"67":{"start":{"line":134,"column":8},"end":{"line":134,"column":32}},"68":{"start":{"line":139,"column":19},"end":{"line":139,"column":21}},"69":{"start":{"line":140,"column":18},"end":{"line":140,"column":20}},"70":{"start":{"line":141,"column":19},"end":{"line":141,"column":24}},"71":{"start":{"line":143,"column":4},"end":{"line":159,"column":5}},"72":{"start":{"line":143,"column":17},"end":{"line":143,"column":18}},"73":{"start":{"line":144,"column":21},"end":{"line":144,"column":28}},"74":{"start":{"line":146,"column":8},"end":{"line":158,"column":9}},"75":{"start":{"line":147,"column":12},"end":{"line":152,"column":13}},"76":{"start":{"line":148,"column":16},"end":{"line":148,"column":31}},"77":{"start":{"line":149,"column":16},"end":{"line":149,"column":20}},"78":{"start":{"line":151,"column":16},"end":{"line":151,"column":37}},"79":{"start":{"line":153,"column":15},"end":{"line":158,"column":9}},"80":{"start":{"line":154,"column":12},"end":{"line":154,"column":33}},"81":{"start":{"line":155,"column":12},"end":{"line":155,"column":25}},"82":{"start":{"line":157,"column":12},"end":{"line":157,"column":28}},"83":{"start":{"line":161,"column":4},"end":{"line":161,"column":25}},"84":{"start":{"line":163,"column":4},"end":{"line":163,"column":18}},"85":{"start":{"line":171,"column":18},"end":{"line":171,"column":52}},"86":{"start":{"line":172,"column":4},"end":{"line":174,"column":5}},"87":{"start":{"line":173,"column":8},"end":{"line":173,"column":23}},"88":{"start":{"line":175,"column":20},"end":{"line":175,"column":49}},"89":{"start":{"line":176,"column":4},"end":{"line":176,"column":37}},"90":{"start":{"line":177,"column":27},"end":{"line":177,"column":56}},"91":{"start":{"line":178,"column":4},"end":{"line":178,"column":49}},"92":{"start":{"line":179,"column":32},"end":{"line":179,"column":61}},"93":{"start":{"line":180,"column":4},"end":{"line":180,"column":59}},"94":{"start":{"line":181,"column":26},"end":{"line":181,"column":55}},"95":{"start":{"line":182,"column":4},"end":{"line":182,"column":49}},"96":{"start":{"line":183,"column":21},"end":{"line":183,"column":52}},"97":{"start":{"line":184,"column":21},"end":{"line":184,"column":30}},"98":{"start":{"line":185,"column":27},"end":{"line":185,"column":32}},"99":{"start":{"line":186,"column":4},"end":{"line":188,"column":5}},"100":{"start":{"line":187,"column":8},"end":{"line":187,"column":138}},"101":{"start":{"line":189,"column":4},"end":{"line":193,"column":5}},"102":{"start":{"line":190,"column":8},"end":{"line":190,"column":139}},"103":{"start":{"line":191,"column":8},"end":{"line":191,"column":32}},"104":{"start":{"line":192,"column":8},"end":{"line":192,"column":35}},"105":{"start":{"line":194,"column":4},"end":{"line":198,"column":5}},"106":{"start":{"line":195,"column":8},"end":{"line":195,"column":139}},"107":{"start":{"line":196,"column":8},"end":{"line":196,"column":32}},"108":{"start":{"line":197,"column":8},"end":{"line":197,"column":34}},"109":{"start":{"line":199,"column":4},"end":{"line":203,"column":5}},"110":{"start":{"line":200,"column":8},"end":{"line":200,"column":146}},"111":{"start":{"line":201,"column":8},"end":{"line":201,"column":32}},"112":{"start":{"line":202,"column":8},"end":{"line":202,"column":38}},"113":{"start":{"line":204,"column":4},"end":{"line":204,"column":50}},"114":{"start":{"line":205,"column":4},"end":{"line":298,"column":7}},"115":{"start":{"line":299,"column":4},"end":{"line":299,"column":40}},"116":{"start":{"line":300,"column":4},"end":{"line":300,"column":40}},"117":{"start":{"line":301,"column":4},"end":{"line":301,"column":45}},"118":{"start":{"line":302,"column":4},"end":{"line":302,"column":39}},"119":{"start":{"line":303,"column":4},"end":{"line":303,"column":35}}},"fnMap":{"0":{"name":"registerPath","decl":{"start":{"line":3,"column":16},"end":{"line":3,"column":28}},"loc":{"start":{"line":6,"column":23},"end":{"line":9,"column":1}}},"1":{"name":"navigate","decl":{"start":{"line":11,"column":22},"end":{"line":11,"column":30}},"loc":{"start":{"line":14,"column":16},"end":{"line":29,"column":1}}},"2":{"name":"onRouteChange","decl":{"start":{"line":30,"column":22},"end":{"line":30,"column":35}},"loc":{"start":{"line":30,"column":62},"end":{"line":38,"column":1}}},"3":{"name":"fetchJSON1","decl":{"start":{"line":40,"column":22},"end":{"line":40,"column":32}},"loc":{"start":{"line":40,"column":44},"end":{"line":48,"column":1}}},"4":{"name":"reducer","decl":{"start":{"line":49,"column":16},"end":{"line":49,"column":23}},"loc":{"start":{"line":49,"column":52},"end":{"line":79,"column":1}}},"5":{"name":"createStore","decl":{"start":{"line":80,"column":16},"end":{"line":80,"column":27}},"loc":{"start":{"line":80,"column":66},"end":{"line":108,"column":1}}},"6":{"name":"(anonymous_6)","decl":{"start":{"line":84,"column":8},"end":{"line":84,"column":16}},"loc":{"start":{"line":84,"column":16},"end":{"line":86,"column":9}}},"7":{"name":"(anonymous_7)","decl":{"start":{"line":87,"column":8},"end":{"line":87,"column":13}},"loc":{"start":{"line":87,"column":37},"end":{"line":101,"column":9}}},"8":{"name":"(anonymous_8)","decl":{"start":{"line":102,"column":8},"end":{"line":102,"column":17}},"loc":{"start":{"line":102,"column":49},"end":{"line":106,"column":9}}},"9":{"name":"(anonymous_9)","decl":{"start":{"line":105,"column":19},"end":{"line":105,"column":22}},"loc":{"start":{"line":105,"column":25},"end":{"line":105,"column":46}}},"10":{"name":"parseCSV","decl":{"start":{"line":110,"column":22},"end":{"line":110,"column":30}},"loc":{"start":{"line":110,"column":47},"end":{"line":136,"column":1}}},"11":{"name":"(anonymous_11)","decl":{"start":{"line":125,"column":28},"end":{"line":125,"column":29}},"loc":{"start":{"line":125,"column":46},"end":{"line":127,"column":13}}},"12":{"name":"parseLine","decl":{"start":{"line":138,"column":9},"end":{"line":138,"column":18}},"loc":{"start":{"line":138,"column":31},"end":{"line":164,"column":1}}},"13":{"name":"showToast","decl":{"start":{"line":166,"column":16},"end":{"line":166,"column":25}},"loc":{"start":{"line":169,"column":18},"end":{"line":304,"column":1}}}},"branchMap":{"0":{"loc":{"start":{"line":17,"column":4},"end":{"line":28,"column":5}},"type":"if","locations":[{"start":{"line":17,"column":4},"end":{"line":28,"column":5}},{"start":{"line":26,"column":11},"end":{"line":28,"column":5}}]},"1":{"loc":{"start":{"line":18,"column":8},"end":{"line":25,"column":9}},"type":"if","locations":[{"start":{"line":18,"column":8},"end":{"line":25,"column":9}},{"start":{"line":21,"column":15},"end":{"line":25,"column":9}}]},"2":{"loc":{"start":{"line":18,"column":12},"end":{"line":18,"column":68}},"type":"binary-expr","locations":[{"start":{"line":18,"column":12},"end":{"line":18,"column":32}},{"start":{"line":18,"column":36},"end":{"line":18,"column":68}}]},"3":{"loc":{"start":{"line":50,"column":4},"end":{"line":78,"column":5}},"type":"switch","locations":[{"start":{"line":51,"column":8},"end":{"line":52,"column":55}},{"start":{"line":53,"column":8},"end":{"line":75,"column":48}},{"start":{"line":76,"column":8},"end":{"line":77,"column":25}}]},"4":{"loc":{"start":{"line":55,"column":12},"end":{"line":69,"column":13}},"type":"if","locations":[{"start":{"line":55,"column":12},"end":{"line":69,"column":13}},{"start":{"line":62,"column":19},"end":{"line":69,"column":13}}]},"5":{"loc":{"start":{"line":88,"column":12},"end":{"line":94,"column":13}},"type":"if","locations":[{"start":{"line":88,"column":12},"end":{"line":94,"column":13}},{"start":{},"end":{}}]},"6":{"loc":{"start":{"line":89,"column":16},"end":{"line":90,"column":44}},"type":"binary-expr","locations":[{"start":{"line":89,"column":16},"end":{"line":89,"column":59}},{"start":{"line":90,"column":16},"end":{"line":90,"column":44}}]},"7":{"loc":{"start":{"line":103,"column":12},"end":{"line":103,"column":53}},"type":"if","locations":[{"start":{"line":103,"column":12},"end":{"line":103,"column":53}},{"start":{},"end":{}}]},"8":{"loc":{"start":{"line":120,"column":12},"end":{"line":120,"column":43}},"type":"if","locations":[{"start":{"line":120,"column":12},"end":{"line":120,"column":43}},{"start":{},"end":{}}]},"9":{"loc":{"start":{"line":126,"column":30},"end":{"line":126,"column":49}},"type":"binary-expr","locations":[{"start":{"line":126,"column":30},"end":{"line":126,"column":43}},{"start":{"line":126,"column":47},"end":{"line":126,"column":49}}]},"10":{"loc":{"start":{"line":146,"column":8},"end":{"line":158,"column":9}},"type":"if","locations":[{"start":{"line":146,"column":8},"end":{"line":158,"column":9}},{"start":{"line":153,"column":15},"end":{"line":158,"column":9}}]},"11":{"loc":{"start":{"line":147,"column":12},"end":{"line":152,"column":13}},"type":"if","locations":[{"start":{"line":147,"column":12},"end":{"line":152,"column":13}},{"start":{"line":150,"column":19},"end":{"line":152,"column":13}}]},"12":{"loc":{"start":{"line":147,"column":16},"end":{"line":147,"column":47}},"type":"binary-expr","locations":[{"start":{"line":147,"column":16},"end":{"line":147,"column":24}},{"start":{"line":147,"column":28},"end":{"line":147,"column":47}}]},"13":{"loc":{"start":{"line":153,"column":15},"end":{"line":158,"column":9}},"type":"if","locations":[{"start":{"line":153,"column":15},"end":{"line":158,"column":9}},{"start":{"line":156,"column":15},"end":{"line":158,"column":9}}]},"14":{"loc":{"start":{"line":153,"column":19},"end":{"line":153,"column":44}},"type":"binary-expr","locations":[{"start":{"line":153,"column":19},"end":{"line":153,"column":31}},{"start":{"line":153,"column":35},"end":{"line":153,"column":44}}]},"15":{"loc":{"start":{"line":168,"column":4},"end":{"line":168,"column":24}},"type":"default-arg","locations":[{"start":{"line":168,"column":23},"end":{"line":168,"column":24}}]},"16":{"loc":{"start":{"line":169,"column":4},"end":{"line":169,"column":18}},"type":"default-arg","locations":[{"start":{"line":169,"column":11},"end":{"line":169,"column":18}}]},"17":{"loc":{"start":{"line":172,"column":4},"end":{"line":174,"column":5}},"type":"if","locations":[{"start":{"line":172,"column":4},"end":{"line":174,"column":5}},{"start":{},"end":{}}]},"18":{"loc":{"start":{"line":186,"column":4},"end":{"line":188,"column":5}},"type":"if","locations":[{"start":{"line":186,"column":4},"end":{"line":188,"column":5}},{"start":{},"end":{}}]},"19":{"loc":{"start":{"line":189,"column":4},"end":{"line":193,"column":5}},"type":"if","locations":[{"start":{"line":189,"column":4},"end":{"line":193,"column":5}},{"start":{},"end":{}}]},"20":{"loc":{"start":{"line":194,"column":4},"end":{"line":198,"column":5}},"type":"if","locations":[{"start":{"line":194,"column":4},"end":{"line":198,"column":5}},{"start":{},"end":{}}]},"21":{"loc":{"start":{"line":199,"column":4},"end":{"line":203,"column":5}},"type":"if","locations":[{"start":{"line":199,"column":4},"end":{"line":203,"column":5}},{"start":{},"end":{}}]}},"s":{"0":11,"1":11,"2":11,"3":11,"4":11,"5":11,"6":11,"7":11,"8":11,"9":67,"10":18,"11":18,"12":18,"13":4,"14":2,"15":14,"16":14,"17":0,"18":6,"19":9,"20":9,"21":7,"22":7,"23":0,"24":9,"25":6,"26":3,"27":3,"28":3,"29":3,"30":0,"31":0,"32":3,"33":3,"34":0,"35":11,"36":11,"37":11,"38":5,"39":10,"40":1,"41":1,"42":9,"43":9,"44":9,"45":11,"46":24,"47":22,"48":24,"49":24,"50":0,"51":7,"52":7,"53":7,"54":7,"55":7,"56":7,"57":7,"58":7,"59":700,"60":0,"61":700,"62":700,"63":700,"64":7700,"65":700,"66":7,"67":0,"68":707,"69":707,"70":707,"71":707,"72":707,"73":295043,"74":295043,"75":3598,"76":14,"77":14,"78":3584,"79":291445,"80":7070,"81":7070,"82":284375,"83":707,"84":707,"85":6,"86":6,"87":3,"88":6,"89":6,"90":6,"91":6,"92":6,"93":6,"94":6,"95":6,"96":6,"97":6,"98":6,"99":6,"100":2,"101":6,"102":3,"103":3,"104":3,"105":6,"106":1,"107":1,"108":1,"109":6,"110":0,"111":0,"112":0,"113":6,"114":6,"115":6,"116":6,"117":6,"118":6,"119":6},"f":{"0":67,"1":18,"2":6,"3":9,"4":9,"5":11,"6":5,"7":10,"8":24,"9":0,"10":7,"11":7700,"12":707,"13":6},"b":{"0":[18,0],"1":[4,14],"2":[18,18],"3":[6,3,0],"4":[3,0],"5":[1,9],"6":[10,1],"7":[22,2],"8":[0,700],"9":[7700,0],"10":[3598,291445],"11":[14,3584],"12":[3598,1806],"13":[7070,284375],"14":[291445,10983],"15":[2],"16":[2],"17":[3,3],"18":[2,4],"19":[3,3],"20":[1,5],"21":[0,6]}}
,"/home/mohammad.fadhil/Desktop/Week-5/Day-4/src/js/components/addWatchlistCard.ts": {"path":"/home/mohammad.fadhil/Desktop/Week-5/Day-4/src/js/components/addWatchlistCard.ts","statementMap":{"0":{"start":{"line":4,"column":0},"end":{"line":4,"column":7}},"1":{"start":{"line":1,"column":0},"end":{"line":1,"column":36}},"2":{"start":{"line":2,"column":0},"end":{"line":2,"column":46}},"3":{"start":{"line":5,"column":16},"end":{"line":5,"column":66}},"4":{"start":{"line":6,"column":17},"end":{"line":6,"column":38}},"5":{"start":{"line":7,"column":17},"end":{"line":14,"column":6}},"6":{"start":{"line":15,"column":4},"end":{"line":15,"column":25}},"7":{"start":{"line":16,"column":24},"end":{"line":16,"column":56}},"8":{"start":{"line":17,"column":4},"end":{"line":17,"column":35}}},"fnMap":{"0":{"name":"addToList","decl":{"start":{"line":4,"column":22},"end":{"line":4,"column":31}},"loc":{"start":{"line":4,"column":42},"end":{"line":18,"column":1}}}},"branchMap":{},"s":{"0":11,"1":11,"2":11,"3":3,"4":3,"5":3,"6":3,"7":3,"8":3},"f":{"0":3},"b":{}}
,"/home/mohammad.fadhil/Desktop/Week-5/Day-4/src/js/components/createButton.ts": {"path":"/home/mohammad.fadhil/Desktop/Week-5/Day-4/src/js/components/createButton.ts","statementMap":{"0":{"start":{"line":1,"column":0},"end":{"line":1,"column":16}},"1":{"start":{"line":2,"column":19},"end":{"line":2,"column":69}},"2":{"start":{"line":3,"column":4},"end":{"line":3,"column":40}},"3":{"start":{"line":4,"column":25},"end":{"line":4,"column":63}},"4":{"start":{"line":5,"column":4},"end":{"line":5,"column":49}},"5":{"start":{"line":6,"column":4},"end":{"line":6,"column":37}},"6":{"start":{"line":7,"column":4},"end":{"line":7,"column":36}},"7":{"start":{"line":8,"column":4},"end":{"line":8,"column":24}}},"fnMap":{"0":{"name":"createButton","decl":{"start":{"line":1,"column":16},"end":{"line":1,"column":28}},"loc":{"start":{"line":1,"column":77},"end":{"line":9,"column":1}}}},"branchMap":{"0":{"loc":{"start":{"line":1,"column":43},"end":{"line":1,"column":60}},"type":"default-arg","locations":[{"start":{"line":1,"column":53},"end":{"line":1,"column":60}}]},"1":{"loc":{"start":{"line":1,"column":62},"end":{"line":1,"column":77}},"type":"default-arg","locations":[{"start":{"line":1,"column":70},"end":{"line":1,"column":77}}]}},"s":{"0":11,"1":9,"2":9,"3":9,"4":9,"5":9,"6":9,"7":9},"f":{"0":9},"b":{"0":[9],"1":[9]}}
,"/home/mohammad.fadhil/Desktop/Week-5/Day-4/src/js/components/createModal.ts": {"path":"/home/mohammad.fadhil/Desktop/Week-5/Day-4/src/js/components/createModal.ts","statementMap":{"0":{"start":{"line":2,"column":0},"end":{"line":2,"column":16}},"1":{"start":{"line":1,"column":0},"end":{"line":1,"column":49}},"2":{"start":{"line":3,"column":30},"end":{"line":3,"column":59}},"3":{"start":{"line":4,"column":4},"end":{"line":4,"column":52}},"4":{"start":{"line":5,"column":4},"end":{"line":36,"column":14}},"5":{"start":{"line":37,"column":4},"end":{"line":41,"column":11}},"6":{"start":{"line":40,"column":12},"end":{"line":40,"column":27}},"7":{"start":{"line":42,"column":4},"end":{"line":42,"column":29}}},"fnMap":{"0":{"name":"createModal","decl":{"start":{"line":2,"column":16},"end":{"line":2,"column":27}},"loc":{"start":{"line":2,"column":27},"end":{"line":43,"column":1}}},"1":{"name":"(anonymous_1)","decl":{"start":{"line":39,"column":35},"end":{"line":39,"column":40}},"loc":{"start":{"line":39,"column":47},"end":{"line":41,"column":9}}}},"branchMap":{},"s":{"0":11,"1":11,"2":4,"3":4,"4":4,"5":4,"6":1,"7":4},"f":{"0":4,"1":1},"b":{}}
,"/home/mohammad.fadhil/Desktop/Week-5/Day-4/src/js/components/isWatchList.ts": {"path":"/home/mohammad.fadhil/Desktop/Week-5/Day-4/src/js/components/isWatchList.ts","statementMap":{"0":{"start":{"line":4,"column":0},"end":{"line":4,"column":7}},"1":{"start":{"line":2,"column":0},"end":{"line":2,"column":36}},"2":{"start":{"line":3,"column":0},"end":{"line":3,"column":46}},"3":{"start":{"line":5,"column":4},"end":{"line":5,"column":66}},"4":{"start":{"line":5,"column":59},"end":{"line":5,"column":66}},"5":{"start":{"line":6,"column":22},"end":{"line":6,"column":55}},"6":{"start":{"line":8,"column":4},"end":{"line":8,"column":55}},"7":{"start":{"line":8,"column":19},"end":{"line":8,"column":55}},"8":{"start":{"line":9,"column":4},"end":{"line":31,"column":5}},"9":{"start":{"line":10,"column":24},"end":{"line":10,"column":58}},"10":{"start":{"line":11,"column":8},"end":{"line":11,"column":44}},"11":{"start":{"line":12,"column":21},"end":{"line":12,"column":54}},"12":{"start":{"line":13,"column":8},"end":{"line":26,"column":9}},"13":{"start":{"line":14,"column":24},"end":{"line":14,"column":79}},"14":{"start":{"line":15,"column":25},"end":{"line":15,"column":46}},"15":{"start":{"line":16,"column":25},"end":{"line":23,"column":14}},"16":{"start":{"line":24,"column":12},"end":{"line":24,"column":38}},"17":{"start":{"line":25,"column":12},"end":{"line":25,"column":35}},"18":{"start":{"line":28,"column":28},"end":{"line":28,"column":60}},"19":{"start":{"line":29,"column":8},"end":{"line":29,"column":44}},"20":{"start":{"line":30,"column":8},"end":{"line":30,"column":39}}},"fnMap":{"0":{"name":"isWatchList","decl":{"start":{"line":4,"column":22},"end":{"line":4,"column":33}},"loc":{"start":{"line":4,"column":33},"end":{"line":32,"column":1}}}},"branchMap":{"0":{"loc":{"start":{"line":5,"column":4},"end":{"line":5,"column":66}},"type":"if","locations":[{"start":{"line":5,"column":4},"end":{"line":5,"column":66}},{"start":{},"end":{}}]},"1":{"loc":{"start":{"line":8,"column":4},"end":{"line":8,"column":55}},"type":"if","locations":[{"start":{"line":8,"column":4},"end":{"line":8,"column":55}},{"start":{},"end":{}}]},"2":{"loc":{"start":{"line":9,"column":4},"end":{"line":31,"column":5}},"type":"if","locations":[{"start":{"line":9,"column":4},"end":{"line":31,"column":5}},{"start":{},"end":{}}]}},"s":{"0":11,"1":11,"2":11,"3":5,"4":4,"5":1,"6":1,"7":1,"8":1,"9":1,"10":1,"11":1,"12":1,"13":1,"14":1,"15":1,"16":1,"17":1,"18":1,"19":1,"20":1},"f":{"0":5},"b":{"0":[4,1],"1":[1,0],"2":[1,0]}}
,"/home/mohammad.fadhil/Desktop/Week-5/Day-4/src/js/components/movieCards.ts": {"path":"/home/mohammad.fadhil/Desktop/Week-5/Day-4/src/js/components/movieCards.ts","statementMap":{"0":{"start":{"line":4,"column":0},"end":{"line":4,"column":16}},"1":{"start":{"line":70,"column":0},"end":{"line":70,"column":16}},"2":{"start":{"line":1,"column":0},"end":{"line":1,"column":46}},"3":{"start":{"line":2,"column":0},"end":{"line":2,"column":39}},"4":{"start":{"line":3,"column":0},"end":{"line":3,"column":45}},"5":{"start":{"line":5,"column":17},"end":{"line":5,"column":46}},"6":{"start":{"line":6,"column":4},"end":{"line":6,"column":31}},"7":{"start":{"line":7,"column":22},"end":{"line":7,"column":51}},"8":{"start":{"line":8,"column":4},"end":{"line":8,"column":40}},"9":{"start":{"line":9,"column":21},"end":{"line":9,"column":50}},"10":{"start":{"line":10,"column":4},"end":{"line":10,"column":40}},"11":{"start":{"line":11,"column":20},"end":{"line":11,"column":49}},"12":{"start":{"line":12,"column":4},"end":{"line":12,"column":42}},"13":{"start":{"line":13,"column":22},"end":{"line":13,"column":51}},"14":{"start":{"line":14,"column":4},"end":{"line":14,"column":69}},"15":{"start":{"line":15,"column":4},"end":{"line":15,"column":42}},"16":{"start":{"line":16,"column":23},"end":{"line":16,"column":52}},"17":{"start":{"line":17,"column":4},"end":{"line":17,"column":44}},"18":{"start":{"line":18,"column":20},"end":{"line":18,"column":49}},"19":{"start":{"line":19,"column":4},"end":{"line":19,"column":32}},"20":{"start":{"line":20,"column":4},"end":{"line":20,"column":56}},"21":{"start":{"line":21,"column":20},"end":{"line":21,"column":49}},"22":{"start":{"line":22,"column":4},"end":{"line":22,"column":42}},"23":{"start":{"line":23,"column":4},"end":{"line":23,"column":36}},"24":{"start":{"line":24,"column":23},"end":{"line":24,"column":52}},"25":{"start":{"line":25,"column":4},"end":{"line":25,"column":44}},"26":{"start":{"line":26,"column":4},"end":{"line":26,"column":44}},"27":{"start":{"line":27,"column":4},"end":{"line":27,"column":35}},"28":{"start":{"line":28,"column":4},"end":{"line":28,"column":35}},"29":{"start":{"line":29,"column":4},"end":{"line":29,"column":36}},"30":{"start":{"line":30,"column":4},"end":{"line":30,"column":36}},"31":{"start":{"line":31,"column":4},"end":{"line":31,"column":37}},"32":{"start":{"line":32,"column":16},"end":{"line":32,"column":29}},"33":{"start":{"line":33,"column":16},"end":{"line":33,"column":50}},"34":{"start":{"line":34,"column":4},"end":{"line":39,"column":5}},"35":{"start":{"line":34,"column":17},"end":{"line":34,"column":18}},"36":{"start":{"line":35,"column":26},"end":{"line":35,"column":55}},"37":{"start":{"line":36,"column":8},"end":{"line":36,"column":46}},"38":{"start":{"line":37,"column":8},"end":{"line":37,"column":39}},"39":{"start":{"line":38,"column":8},"end":{"line":38,"column":42}},"40":{"start":{"line":40,"column":4},"end":{"line":40,"column":37}},"41":{"start":{"line":41,"column":4},"end":{"line":41,"column":32}},"42":{"start":{"line":42,"column":4},"end":{"line":42,"column":31}},"43":{"start":{"line":43,"column":19},"end":{"line":43,"column":48}},"44":{"start":{"line":44,"column":4},"end":{"line":44,"column":44}},"45":{"start":{"line":45,"column":4},"end":{"line":45,"column":45}},"46":{"start":{"line":46,"column":4},"end":{"line":46,"column":32}},"47":{"start":{"line":47,"column":4},"end":{"line":52,"column":7}},"48":{"start":{"line":48,"column":23},"end":{"line":48,"column":53}},"49":{"start":{"line":49,"column":24},"end":{"line":49,"column":56}},"50":{"start":{"line":50,"column":8},"end":{"line":50,"column":69}},"51":{"start":{"line":50,"column":41},"end":{"line":50,"column":69}},"52":{"start":{"line":51,"column":8},"end":{"line":51,"column":46}},"53":{"start":{"line":53,"column":4},"end":{"line":53,"column":29}},"54":{"start":{"line":55,"column":8},"end":{"line":55,"column":31}},"55":{"start":{"line":56,"column":8},"end":{"line":56,"column":59}},"56":{"start":{"line":58,"column":4},"end":{"line":58,"column":37}},"57":{"start":{"line":59,"column":4},"end":{"line":67,"column":7}},"58":{"start":{"line":60,"column":23},"end":{"line":60,"column":53}},"59":{"start":{"line":61,"column":8},"end":{"line":66,"column":9}},"60":{"start":{"line":62,"column":24},"end":{"line":62,"column":52}},"61":{"start":{"line":63,"column":12},"end":{"line":63,"column":43}},"62":{"start":{"line":64,"column":24},"end":{"line":64,"column":50}},"63":{"start":{"line":65,"column":12},"end":{"line":65,"column":70}},"64":{"start":{"line":68,"column":4},"end":{"line":68,"column":16}},"65":{"start":{"line":71,"column":17},"end":{"line":71,"column":46}},"66":{"start":{"line":72,"column":4},"end":{"line":72,"column":31}},"67":{"start":{"line":73,"column":4},"end":{"line":73,"column":33}},"68":{"start":{"line":74,"column":22},"end":{"line":74,"column":51}},"69":{"start":{"line":75,"column":4},"end":{"line":75,"column":40}},"70":{"start":{"line":76,"column":21},"end":{"line":76,"column":50}},"71":{"start":{"line":77,"column":4},"end":{"line":77,"column":40}},"72":{"start":{"line":78,"column":20},"end":{"line":78,"column":49}},"73":{"start":{"line":79,"column":4},"end":{"line":79,"column":42}},"74":{"start":{"line":80,"column":22},"end":{"line":80,"column":51}},"75":{"start":{"line":81,"column":4},"end":{"line":81,"column":69}},"76":{"start":{"line":82,"column":4},"end":{"line":82,"column":42}},"77":{"start":{"line":83,"column":23},"end":{"line":83,"column":52}},"78":{"start":{"line":84,"column":4},"end":{"line":84,"column":44}},"79":{"start":{"line":85,"column":20},"end":{"line":85,"column":49}},"80":{"start":{"line":86,"column":4},"end":{"line":86,"column":32}},"81":{"start":{"line":87,"column":4},"end":{"line":87,"column":56}},"82":{"start":{"line":88,"column":20},"end":{"line":88,"column":49}},"83":{"start":{"line":89,"column":4},"end":{"line":89,"column":42}},"84":{"start":{"line":90,"column":4},"end":{"line":90,"column":36}},"85":{"start":{"line":91,"column":23},"end":{"line":91,"column":52}},"86":{"start":{"line":92,"column":4},"end":{"line":92,"column":44}},"87":{"start":{"line":93,"column":4},"end":{"line":93,"column":44}},"88":{"start":{"line":94,"column":4},"end":{"line":94,"column":35}},"89":{"start":{"line":95,"column":4},"end":{"line":95,"column":35}},"90":{"start":{"line":96,"column":4},"end":{"line":96,"column":36}},"91":{"start":{"line":97,"column":4},"end":{"line":97,"column":36}},"92":{"start":{"line":98,"column":4},"end":{"line":98,"column":37}},"93":{"start":{"line":99,"column":16},"end":{"line":99,"column":29}},"94":{"start":{"line":100,"column":4},"end":{"line":105,"column":5}},"95":{"start":{"line":100,"column":17},"end":{"line":100,"column":18}},"96":{"start":{"line":101,"column":26},"end":{"line":101,"column":55}},"97":{"start":{"line":102,"column":8},"end":{"line":102,"column":46}},"98":{"start":{"line":103,"column":8},"end":{"line":103,"column":39}},"99":{"start":{"line":104,"column":8},"end":{"line":104,"column":42}},"100":{"start":{"line":106,"column":4},"end":{"line":106,"column":37}},"101":{"start":{"line":107,"column":4},"end":{"line":107,"column":32}},"102":{"start":{"line":108,"column":4},"end":{"line":108,"column":31}},"103":{"start":{"line":109,"column":19},"end":{"line":109,"column":48}},"104":{"start":{"line":110,"column":4},"end":{"line":110,"column":44}},"105":{"start":{"line":111,"column":4},"end":{"line":111,"column":42}},"106":{"start":{"line":112,"column":4},"end":{"line":112,"column":32}},"107":{"start":{"line":113,"column":4},"end":{"line":119,"column":7}},"108":{"start":{"line":114,"column":8},"end":{"line":114,"column":34}},"109":{"start":{"line":115,"column":8},"end":{"line":118,"column":58}},"110":{"start":{"line":121,"column":4},"end":{"line":121,"column":29}},"111":{"start":{"line":123,"column":8},"end":{"line":123,"column":31}},"112":{"start":{"line":124,"column":8},"end":{"line":124,"column":59}},"113":{"start":{"line":126,"column":4},"end":{"line":126,"column":16}}},"fnMap":{"0":{"name":"createCard","decl":{"start":{"line":4,"column":16},"end":{"line":4,"column":26}},"loc":{"start":{"line":4,"column":58},"end":{"line":69,"column":1}}},"1":{"name":"(anonymous_1)","decl":{"start":{"line":47,"column":37},"end":{"line":47,"column":42}},"loc":{"start":{"line":47,"column":49},"end":{"line":52,"column":5}}},"2":{"name":"handleImageError","decl":{"start":{"line":54,"column":13},"end":{"line":54,"column":29}},"loc":{"start":{"line":54,"column":29},"end":{"line":57,"column":5}}},"3":{"name":"(anonymous_3)","decl":{"start":{"line":59,"column":35},"end":{"line":59,"column":36}},"loc":{"start":{"line":59,"column":41},"end":{"line":67,"column":5}}},"4":{"name":"createCard1","decl":{"start":{"line":70,"column":16},"end":{"line":70,"column":27}},"loc":{"start":{"line":70,"column":59},"end":{"line":127,"column":1}}},"5":{"name":"(anonymous_5)","decl":{"start":{"line":113,"column":37},"end":{"line":113,"column":38}},"loc":{"start":{"line":113,"column":43},"end":{"line":119,"column":5}}},"6":{"name":"handleImageError","decl":{"start":{"line":122,"column":13},"end":{"line":122,"column":29}},"loc":{"start":{"line":122,"column":29},"end":{"line":125,"column":5}}}},"branchMap":{"0":{"loc":{"start":{"line":34,"column":25},"end":{"line":34,"column":57}},"type":"cond-expr","locations":[{"start":{"line":34,"column":43},"end":{"line":34,"column":53}},{"start":{"line":34,"column":56},"end":{"line":34,"column":57}}]},"1":{"loc":{"start":{"line":50,"column":8},"end":{"line":50,"column":69}},"type":"if","locations":[{"start":{"line":50,"column":8},"end":{"line":50,"column":69}},{"start":{},"end":{}}]},"2":{"loc":{"start":{"line":61,"column":8},"end":{"line":66,"column":9}},"type":"if","locations":[{"start":{"line":61,"column":8},"end":{"line":66,"column":9}},{"start":{},"end":{}}]},"3":{"loc":{"start":{"line":100,"column":25},"end":{"line":100,"column":57}},"type":"cond-expr","locations":[{"start":{"line":100,"column":43},"end":{"line":100,"column":53}},{"start":{"line":100,"column":56},"end":{"line":100,"column":57}}]}},"s":{"0":11,"1":11,"2":11,"3":11,"4":11,"5":324,"6":324,"7":324,"8":324,"9":324,"10":324,"11":324,"12":324,"13":324,"14":324,"15":324,"16":324,"17":324,"18":324,"19":324,"20":324,"21":324,"22":324,"23":324,"24":324,"25":324,"26":324,"27":324,"28":324,"29":324,"30":324,"31":324,"32":324,"33":324,"34":324,"35":324,"36":796,"37":796,"38":796,"39":796,"40":324,"41":324,"42":324,"43":324,"44":324,"45":324,"46":324,"47":324,"48":2,"49":2,"50":2,"51":2,"52":2,"53":324,"54":1,"55":1,"56":324,"57":324,"58":2,"59":2,"60":2,"61":2,"62":2,"63":2,"64":324,"65":4,"66":4,"67":4,"68":4,"69":4,"70":4,"71":4,"72":4,"73":4,"74":4,"75":4,"76":4,"77":4,"78":4,"79":4,"80":4,"81":4,"82":4,"83":4,"84":4,"85":4,"86":4,"87":4,"88":4,"89":4,"90":4,"91":4,"92":4,"93":4,"94":4,"95":4,"96":8,"97":8,"98":8,"99":8,"100":4,"101":4,"102":4,"103":4,"104":4,"105":4,"106":4,"107":4,"108":1,"109":1,"110":4,"111":1,"112":1,"113":4},"f":{"0":324,"1":2,"2":1,"3":2,"4":4,"5":1,"6":1},"b":{"0":[1120,0],"1":[2,0],"2":[2,0],"3":[12,0]}}
,"/home/mohammad.fadhil/Desktop/Week-5/Day-4/src/js/components/searchCardMovieAdded.ts": {"path":"/home/mohammad.fadhil/Desktop/Week-5/Day-4/src/js/components/searchCardMovieAdded.ts","statementMap":{"0":{"start":{"line":2,"column":0},"end":{"line":2,"column":7}},"1":{"start":{"line":1,"column":0},"end":{"line":1,"column":45}},"2":{"start":{"line":7,"column":20},"end":{"line":7,"column":75}},"3":{"start":{"line":8,"column":4},"end":{"line":8,"column":27}},"4":{"start":{"line":9,"column":4},"end":{"line":9,"column":32}},"5":{"start":{"line":10,"column":4},"end":{"line":10,"column":31}},"6":{"start":{"line":11,"column":4},"end":{"line":12,"column":15}},"7":{"start":{"line":13,"column":4},"end":{"line":13,"column":21}}},"fnMap":{"0":{"name":"searchCardMovieAdded","decl":{"start":{"line":2,"column":22},"end":{"line":2,"column":42}},"loc":{"start":{"line":5,"column":25},"end":{"line":14,"column":1}}}},"branchMap":{},"s":{"0":10,"1":10,"2":1,"3":1,"4":1,"5":1,"6":1,"7":1},"f":{"0":1},"b":{}}
,"/home/mohammad.fadhil/Desktop/Week-5/Day-4/src/js/components/searchCards.ts": {"path":"/home/mohammad.fadhil/Desktop/Week-5/Day-4/src/js/components/searchCards.ts","statementMap":{"0":{"start":{"line":3,"column":0},"end":{"line":3,"column":16}},"1":{"start":{"line":1,"column":0},"end":{"line":1,"column":65}},"2":{"start":{"line":2,"column":29},"end":{"line":2,"column":38}},"3":{"start":{"line":4,"column":17},"end":{"line":4,"column":46}},"4":{"start":{"line":5,"column":4},"end":{"line":5,"column":34}},"5":{"start":{"line":6,"column":16},"end":{"line":6,"column":45}},"6":{"start":{"line":7,"column":4},"end":{"line":7,"column":29}},"7":{"start":{"line":8,"column":4},"end":{"line":8,"column":52}},"8":{"start":{"line":9,"column":4},"end":{"line":9,"column":26}},"9":{"start":{"line":10,"column":16},"end":{"line":10,"column":45}},"10":{"start":{"line":11,"column":4},"end":{"line":11,"column":61}},"11":{"start":{"line":12,"column":4},"end":{"line":12,"column":37}},"12":{"start":{"line":13,"column":19},"end":{"line":13,"column":51}},"13":{"start":{"line":14,"column":16},"end":{"line":14,"column":45}},"14":{"start":{"line":15,"column":4},"end":{"line":15,"column":42}},"15":{"start":{"line":16,"column":4},"end":{"line":16,"column":28}},"16":{"start":{"line":17,"column":4},"end":{"line":17,"column":37}},"17":{"start":{"line":18,"column":4},"end":{"line":18,"column":29}},"18":{"start":{"line":19,"column":4},"end":{"line":19,"column":30}},"19":{"start":{"line":20,"column":4},"end":{"line":20,"column":38}},"20":{"start":{"line":21,"column":4},"end":{"line":24,"column":7}},"21":{"start":{"line":22,"column":27},"end":{"line":22,"column":57}},"22":{"start":{"line":23,"column":8},"end":{"line":23,"column":75}},"23":{"start":{"line":25,"column":4},"end":{"line":25,"column":28}},"24":{"start":{"line":26,"column":4},"end":{"line":26,"column":26}},"25":{"start":{"line":28,"column":8},"end":{"line":28,"column":27}},"26":{"start":{"line":29,"column":8},"end":{"line":29,"column":55}},"27":{"start":{"line":32,"column":4},"end":{"line":32,"column":16}}},"fnMap":{"0":{"name":"createSearchCard","decl":{"start":{"line":3,"column":16},"end":{"line":3,"column":32}},"loc":{"start":{"line":3,"column":64},"end":{"line":33,"column":1}}},"1":{"name":"(anonymous_1)","decl":{"start":{"line":21,"column":37},"end":{"line":21,"column":42}},"loc":{"start":{"line":21,"column":49},"end":{"line":24,"column":5}}},"2":{"name":"handleImageError","decl":{"start":{"line":27,"column":13},"end":{"line":27,"column":29}},"loc":{"start":{"line":27,"column":29},"end":{"line":30,"column":5}}}},"branchMap":{},"s":{"0":10,"1":10,"2":10,"3":10,"4":10,"5":10,"6":10,"7":10,"8":10,"9":10,"10":10,"11":10,"12":10,"13":10,"14":10,"15":10,"16":10,"17":10,"18":10,"19":10,"20":10,"21":1,"22":1,"23":10,"24":10,"25":0,"26":0,"27":10},"f":{"0":10,"1":1,"2":0},"b":{}}
,"/home/mohammad.fadhil/Desktop/Week-5/Day-4/src/js/components/searchMovies.ts": {"path":"/home/mohammad.fadhil/Desktop/Week-5/Day-4/src/js/components/searchMovies.ts","statementMap":{"0":{"start":{"line":3,"column":0},"end":{"line":3,"column":7}},"1":{"start":{"line":1,"column":0},"end":{"line":1,"column":47}},"2":{"start":{"line":2,"column":0},"end":{"line":2,"column":52}},"3":{"start":{"line":4,"column":18},"end":{"line":4,"column":76}},"4":{"start":{"line":5,"column":18},"end":{"line":5,"column":29}},"5":{"start":{"line":6,"column":52},"end":{"line":6,"column":54}},"6":{"start":{"line":7,"column":4},"end":{"line":7,"column":35}},"7":{"start":{"line":8,"column":4},"end":{"line":29,"column":5}},"8":{"start":{"line":9,"column":8},"end":{"line":9,"column":49}},"9":{"start":{"line":11,"column":21},"end":{"line":12,"column":null}},"10":{"start":{"line":15,"column":8},"end":{"line":28,"column":9}},"11":{"start":{"line":16,"column":12},"end":{"line":16,"column":53}},"12":{"start":{"line":18,"column":32},"end":{"line":19,"column":null}},"13":{"start":{"line":22,"column":12},"end":{"line":22,"column":47}},"14":{"start":{"line":23,"column":12},"end":{"line":23,"column":39}},"15":{"start":{"line":24,"column":12},"end":{"line":27,"column":15}},"16":{"start":{"line":25,"column":30},"end":{"line":25,"column":50}},"17":{"start":{"line":26,"column":16},"end":{"line":26,"column":47}}},"fnMap":{"0":{"name":"searchMovies","decl":{"start":{"line":3,"column":22},"end":{"line":3,"column":34}},"loc":{"start":{"line":3,"column":34},"end":{"line":30,"column":1}}},"1":{"name":"(anonymous_1)","decl":{"start":{"line":24,"column":32},"end":{"line":24,"column":33}},"loc":{"start":{"line":24,"column":63},"end":{"line":27,"column":13}}}},"branchMap":{"0":{"loc":{"start":{"line":8,"column":4},"end":{"line":29,"column":5}},"type":"if","locations":[{"start":{"line":8,"column":4},"end":{"line":29,"column":5}},{"start":{"line":10,"column":11},"end":{"line":29,"column":5}}]},"1":{"loc":{"start":{"line":15,"column":8},"end":{"line":28,"column":9}},"type":"if","locations":[{"start":{"line":15,"column":8},"end":{"line":28,"column":9}},{"start":{"line":17,"column":15},"end":{"line":28,"column":9}}]}},"s":{"0":10,"1":10,"2":10,"3":3,"4":3,"5":3,"6":3,"7":3,"8":1,"9":2,"10":2,"11":1,"12":1,"13":1,"14":1,"15":1,"16":10,"17":10},"f":{"0":3,"1":10},"b":{"0":[1,2],"1":[1,1]}}
,"/home/mohammad.fadhil/Desktop/Week-5/Day-4/src/js/components/updateWatchList.ts": {"path":"/home/mohammad.fadhil/Desktop/Week-5/Day-4/src/js/components/updateWatchList.ts","statementMap":{"0":{"start":{"line":3,"column":0},"end":{"line":3,"column":7}},"1":{"start":{"line":2,"column":0},"end":{"line":2,"column":50}},"2":{"start":{"line":8,"column":17},"end":{"line":8,"column":27}},"3":{"start":{"line":9,"column":19},"end":{"line":9,"column":27}},"4":{"start":{"line":10,"column":4},"end":{"line":13,"column":5}},"5":{"start":{"line":11,"column":8},"end":{"line":12,"column":36}},"6":{"start":{"line":12,"column":12},"end":{"line":12,"column":36}},"7":{"start":{"line":14,"column":4},"end":{"line":17,"column":5}},"8":{"start":{"line":15,"column":24},"end":{"line":15,"column":77}},"9":{"start":{"line":16,"column":8},"end":{"line":16,"column":25}},"10":{"start":{"line":18,"column":4},"end":{"line":18,"column":65}}},"fnMap":{"0":{"name":"updateWatchList","decl":{"start":{"line":3,"column":22},"end":{"line":3,"column":37}},"loc":{"start":{"line":7,"column":1},"end":{"line":19,"column":1}}}},"branchMap":{"0":{"loc":{"start":{"line":10,"column":4},"end":{"line":13,"column":5}},"type":"if","locations":[{"start":{"line":10,"column":4},"end":{"line":13,"column":5}},{"start":{},"end":{}}]},"1":{"loc":{"start":{"line":11,"column":8},"end":{"line":12,"column":36}},"type":"if","locations":[{"start":{"line":11,"column":8},"end":{"line":12,"column":36}},{"start":{},"end":{}}]},"2":{"loc":{"start":{"line":14,"column":4},"end":{"line":17,"column":5}},"type":"if","locations":[{"start":{"line":14,"column":4},"end":{"line":17,"column":5}},{"start":{},"end":{}}]}},"s":{"0":11,"1":11,"2":5,"3":5,"4":5,"5":4,"6":2,"7":5,"8":1,"9":1,"10":5},"f":{"0":5},"b":{"0":[4,1],"1":[2,2],"2":[1,4]}}
,"/home/mohammad.fadhil/Desktop/Week-5/Day-4/src/js/pages/detail.ts": {"path":"/home/mohammad.fadhil/Desktop/Week-5/Day-4/src/js/pages/detail.ts","statementMap":{"0":{"start":{"line":2,"column":0},"end":{"line":2,"column":7}},"1":{"start":{"line":1,"column":0},"end":{"line":1,"column":36}},"2":{"start":{"line":3,"column":16},"end":{"line":3,"column":70}},"3":{"start":{"line":4,"column":20},"end":{"line":4,"column":41}},"4":{"start":{"line":5,"column":29},"end":{"line":5,"column":62}},"5":{"start":{"line":6,"column":23},"end":{"line":6,"column":52}},"6":{"start":{"line":7,"column":4},"end":{"line":7,"column":40}},"7":{"start":{"line":8,"column":24},"end":{"line":8,"column":55}},"8":{"start":{"line":9,"column":4},"end":{"line":9,"column":37}},"9":{"start":{"line":10,"column":4},"end":{"line":10,"column":40}},"10":{"start":{"line":11,"column":4},"end":{"line":11,"column":31}},"11":{"start":{"line":12,"column":19},"end":{"line":12,"column":60}},"12":{"start":{"line":14,"column":20},"end":{"line":14,"column":57}},"13":{"start":{"line":16,"column":23},"end":{"line":17,"column":null}},"14":{"start":{"line":19,"column":4},"end":{"line":19,"column":36}},"15":{"start":{"line":20,"column":4},"end":{"line":21,"column":55}},"16":{"start":{"line":22,"column":4},"end":{"line":24,"column":79}},"17":{"start":{"line":25,"column":16},"end":{"line":25,"column":56}},"18":{"start":{"line":26,"column":4},"end":{"line":26,"column":41}},"19":{"start":{"line":27,"column":4},"end":{"line":27,"column":44}},"20":{"start":{"line":28,"column":4},"end":{"line":28,"column":70}},"21":{"start":{"line":29,"column":4},"end":{"line":29,"column":48}},"22":{"start":{"line":30,"column":4},"end":{"line":30,"column":80}},"23":{"start":{"line":31,"column":4},"end":{"line":31,"column":78}},"24":{"start":{"line":32,"column":4},"end":{"line":32,"column":80}},"25":{"start":{"line":33,"column":4},"end":{"line":33,"column":79}},"26":{"start":{"line":34,"column":4},"end":{"line":34,"column":46}},"27":{"start":{"line":35,"column":4},"end":{"line":35,"column":37}}},"fnMap":{"0":{"name":"renderDetailPage","decl":{"start":{"line":2,"column":22},"end":{"line":2,"column":38}},"loc":{"start":{"line":2,"column":53},"end":{"line":36,"column":1}}}},"branchMap":{},"s":{"0":11,"1":11,"2":4,"3":4,"4":2,"5":2,"6":2,"7":2,"8":2,"9":2,"10":2,"11":2,"12":2,"13":2,"14":2,"15":2,"16":2,"17":2,"18":2,"19":2,"20":2,"21":2,"22":2,"23":2,"24":2,"25":2,"26":2,"27":2},"f":{"0":4},"b":{}}
,"/home/mohammad.fadhil/Desktop/Week-5/Day-4/src/js/pages/home.ts": {"path":"/home/mohammad.fadhil/Desktop/Week-5/Day-4/src/js/pages/home.ts","statementMap":{"0":{"start":{"line":4,"column":0},"end":{"line":4,"column":7}},"1":{"start":{"line":1,"column":0},"end":{"line":1,"column":45}},"2":{"start":{"line":2,"column":0},"end":{"line":2,"column":55}},"3":{"start":{"line":5,"column":16},"end":{"line":5,"column":45}},"4":{"start":{"line":6,"column":4},"end":{"line":6,"column":30}},"5":{"start":{"line":7,"column":16},"end":{"line":7,"column":45}},"6":{"start":{"line":8,"column":4},"end":{"line":8,"column":41}},"7":{"start":{"line":9,"column":15},"end":{"line":9,"column":44}},"8":{"start":{"line":10,"column":4},"end":{"line":10,"column":39}},"9":{"start":{"line":11,"column":4},"end":{"line":11,"column":25}},"10":{"start":{"line":12,"column":4},"end":{"line":12,"column":26}},"11":{"start":{"line":13,"column":4},"end":{"line":13,"column":41}},"12":{"start":{"line":14,"column":4},"end":{"line":14,"column":40}},"13":{"start":{"line":15,"column":4},"end":{"line":15,"column":26}},"14":{"start":{"line":16,"column":25},"end":{"line":16,"column":56}},"15":{"start":{"line":17,"column":24},"end":{"line":17,"column":53}},"16":{"start":{"line":18,"column":4},"end":{"line":18,"column":32}},"17":{"start":{"line":19,"column":4},"end":{"line":19,"column":40}},"18":{"start":{"line":20,"column":25},"end":{"line":20,"column":54}},"19":{"start":{"line":21,"column":4},"end":{"line":21,"column":40}},"20":{"start":{"line":22,"column":4},"end":{"line":22,"column":33}},"21":{"start":{"line":23,"column":21},"end":{"line":23,"column":79}},"22":{"start":{"line":24,"column":4},"end":{"line":29,"column":58}},"23":{"start":{"line":25,"column":8},"end":{"line":28,"column":9}},"24":{"start":{"line":25,"column":21},"end":{"line":25,"column":22}},"25":{"start":{"line":26,"column":28},"end":{"line":26,"column":57}},"26":{"start":{"line":27,"column":12},"end":{"line":27,"column":46}},"27":{"start":{"line":29,"column":9},"end":{"line":29,"column":58}},"28":{"start":{"line":30,"column":4},"end":{"line":30,"column":42}},"29":{"start":{"line":31,"column":4},"end":{"line":31,"column":42}}},"fnMap":{"0":{"name":"renderHomePage","decl":{"start":{"line":4,"column":22},"end":{"line":4,"column":36}},"loc":{"start":{"line":4,"column":36},"end":{"line":32,"column":1}}}},"branchMap":{"0":{"loc":{"start":{"line":24,"column":4},"end":{"line":29,"column":58}},"type":"if","locations":[{"start":{"line":24,"column":4},"end":{"line":29,"column":58}},{"start":{"line":29,"column":9},"end":{"line":29,"column":58}}]}},"s":{"0":11,"1":11,"2":11,"3":5,"4":5,"5":5,"6":5,"7":5,"8":5,"9":5,"10":5,"11":5,"12":5,"13":5,"14":5,"15":5,"16":5,"17":5,"18":5,"19":5,"20":5,"21":5,"22":5,"23":4,"24":4,"25":24,"26":24,"27":1,"28":5,"29":5},"f":{"0":5},"b":{"0":[4,1]}}
,"/home/mohammad.fadhil/Desktop/Week-5/Day-4/src/js/pages/list.ts": {"path":"/home/mohammad.fadhil/Desktop/Week-5/Day-4/src/js/pages/list.ts","statementMap":{"0":{"start":{"line":4,"column":0},"end":{"line":4,"column":7}},"1":{"start":{"line":1,"column":0},"end":{"line":1,"column":34}},"2":{"start":{"line":2,"column":0},"end":{"line":2,"column":55}},"3":{"start":{"line":5,"column":29},"end":{"line":5,"column":62}},"4":{"start":{"line":6,"column":23},"end":{"line":6,"column":52}},"5":{"start":{"line":7,"column":4},"end":{"line":7,"column":40}},"6":{"start":{"line":8,"column":25},"end":{"line":8,"column":56}},"7":{"start":{"line":9,"column":24},"end":{"line":9,"column":53}},"8":{"start":{"line":10,"column":4},"end":{"line":10,"column":32}},"9":{"start":{"line":11,"column":4},"end":{"line":11,"column":37}},"10":{"start":{"line":12,"column":4},"end":{"line":12,"column":40}},"11":{"start":{"line":13,"column":25},"end":{"line":13,"column":54}},"12":{"start":{"line":14,"column":4},"end":{"line":14,"column":40}},"13":{"start":{"line":15,"column":4},"end":{"line":15,"column":46}},"14":{"start":{"line":16,"column":21},"end":{"line":16,"column":79}},"15":{"start":{"line":17,"column":4},"end":{"line":22,"column":58}},"16":{"start":{"line":18,"column":8},"end":{"line":21,"column":9}},"17":{"start":{"line":18,"column":21},"end":{"line":18,"column":22}},"18":{"start":{"line":19,"column":28},"end":{"line":19,"column":51}},"19":{"start":{"line":20,"column":12},"end":{"line":20,"column":46}},"20":{"start":{"line":22,"column":9},"end":{"line":22,"column":58}},"21":{"start":{"line":23,"column":4},"end":{"line":23,"column":42}},"22":{"start":{"line":24,"column":4},"end":{"line":24,"column":42}}},"fnMap":{"0":{"name":"renderListPage","decl":{"start":{"line":4,"column":22},"end":{"line":4,"column":36}},"loc":{"start":{"line":4,"column":36},"end":{"line":25,"column":1}}}},"branchMap":{"0":{"loc":{"start":{"line":17,"column":4},"end":{"line":22,"column":58}},"type":"if","locations":[{"start":{"line":17,"column":4},"end":{"line":22,"column":58}},{"start":{"line":22,"column":9},"end":{"line":22,"column":58}}]}},"s":{"0":11,"1":11,"2":11,"3":4,"4":4,"5":4,"6":4,"7":4,"8":4,"9":4,"10":4,"11":4,"12":4,"13":4,"14":4,"15":4,"16":3,"17":3,"18":300,"19":300,"20":1,"21":4,"22":4},"f":{"0":4},"b":{"0":[3,1]}}
,"/home/mohammad.fadhil/Desktop/Week-5/Day-4/src/js/pages/settings.ts": {"path":"/home/mohammad.fadhil/Desktop/Week-5/Day-4/src/js/pages/settings.ts","statementMap":{"0":{"start":{"line":3,"column":0},"end":{"line":3,"column":16}},"1":{"start":{"line":1,"column":0},"end":{"line":1,"column":59}},"2":{"start":{"line":4,"column":29},"end":{"line":4,"column":62}},"3":{"start":{"line":5,"column":23},"end":{"line":5,"column":52}},"4":{"start":{"line":6,"column":22},"end":{"line":6,"column":50}},"5":{"start":{"line":7,"column":4},"end":{"line":7,"column":44}},"6":{"start":{"line":8,"column":4},"end":{"line":8,"column":33}},"7":{"start":{"line":9,"column":4},"end":{"line":9,"column":40}},"8":{"start":{"line":10,"column":25},"end":{"line":10,"column":56}},"9":{"start":{"line":11,"column":24},"end":{"line":11,"column":53}},"10":{"start":{"line":12,"column":4},"end":{"line":12,"column":32}},"11":{"start":{"line":13,"column":4},"end":{"line":13,"column":37}},"12":{"start":{"line":14,"column":4},"end":{"line":14,"column":40}},"13":{"start":{"line":15,"column":4},"end":{"line":15,"column":31}},"14":{"start":{"line":16,"column":4},"end":{"line":16,"column":41}},"15":{"start":{"line":17,"column":4},"end":{"line":17,"column":42}},"16":{"start":{"line":18,"column":22},"end":{"line":18,"column":51}},"17":{"start":{"line":19,"column":4},"end":{"line":19,"column":41}},"18":{"start":{"line":20,"column":15},"end":{"line":20,"column":52}},"19":{"start":{"line":22,"column":4},"end":{"line":22,"column":37}},"20":{"start":{"line":23,"column":4},"end":{"line":23,"column":32}},"21":{"start":{"line":25,"column":4},"end":{"line":25,"column":54}},"22":{"start":{"line":27,"column":4},"end":{"line":27,"column":37}},"23":{"start":{"line":28,"column":4},"end":{"line":28,"column":32}},"24":{"start":{"line":30,"column":4},"end":{"line":30,"column":57}},"25":{"start":{"line":32,"column":4},"end":{"line":32,"column":37}},"26":{"start":{"line":33,"column":4},"end":{"line":33,"column":32}},"27":{"start":{"line":35,"column":4},"end":{"line":35,"column":58}},"28":{"start":{"line":37,"column":4},"end":{"line":37,"column":37}},"29":{"start":{"line":38,"column":4},"end":{"line":38,"column":32}},"30":{"start":{"line":40,"column":4},"end":{"line":40,"column":57}},"31":{"start":{"line":42,"column":4},"end":{"line":42,"column":37}},"32":{"start":{"line":43,"column":4},"end":{"line":43,"column":32}},"33":{"start":{"line":44,"column":4},"end":{"line":44,"column":40}}},"fnMap":{"0":{"name":"renderSettingsPage","decl":{"start":{"line":3,"column":16},"end":{"line":3,"column":34}},"loc":{"start":{"line":3,"column":34},"end":{"line":45,"column":1}}}},"branchMap":{},"s":{"0":11,"1":11,"2":1,"3":1,"4":1,"5":1,"6":1,"7":1,"8":1,"9":1,"10":1,"11":1,"12":1,"13":1,"14":1,"15":1,"16":1,"17":1,"18":1,"19":1,"20":1,"21":1,"22":1,"23":1,"24":1,"25":1,"26":1,"27":1,"28":1,"29":1,"30":1,"31":1,"32":1,"33":1},"f":{"0":1},"b":{}}
,"/home/mohammad.fadhil/Desktop/Week-5/Day-4/src/js/pages/watchlist.ts": {"path":"/home/mohammad.fadhil/Desktop/Week-5/Day-4/src/js/pages/watchlist.ts","statementMap":{"0":{"start":{"line":5,"column":0},"end":{"line":5,"column":7}},"1":{"start":{"line":1,"column":0},"end":{"line":1,"column":57}},"2":{"start":{"line":2,"column":0},"end":{"line":2,"column":59}},"3":{"start":{"line":6,"column":25},"end":{"line":6,"column":56}},"4":{"start":{"line":7,"column":4},"end":{"line":7,"column":44}},"5":{"start":{"line":8,"column":4},"end":{"line":8,"column":32}},"6":{"start":{"line":9,"column":24},"end":{"line":9,"column":53}},"7":{"start":{"line":10,"column":4},"end":{"line":10,"column":37}},"8":{"start":{"line":11,"column":4},"end":{"line":11,"column":40}},"9":{"start":{"line":12,"column":30},"end":{"line":12,"column":43}},"10":{"start":{"line":13,"column":20},"end":{"line":13,"column":49}},"11":{"start":{"line":14,"column":4},"end":{"line":14,"column":37}},"12":{"start":{"line":15,"column":17},"end":{"line":15,"column":46}},"13":{"start":{"line":16,"column":4},"end":{"line":16,"column":31}},"14":{"start":{"line":17,"column":4},"end":{"line":17,"column":36}},"15":{"start":{"line":18,"column":4},"end":{"line":18,"column":30}},"16":{"start":{"line":19,"column":25},"end":{"line":19,"column":54}},"17":{"start":{"line":20,"column":4},"end":{"line":20,"column":40}},"18":{"start":{"line":21,"column":16},"end":{"line":21,"column":63}},"19":{"start":{"line":22,"column":4},"end":{"line":22,"column":35}},"20":{"start":{"line":23,"column":4},"end":{"line":25,"column":7}},"21":{"start":{"line":24,"column":8},"end":{"line":24,"column":49}},"22":{"start":{"line":26,"column":4},"end":{"line":26,"column":33}},"23":{"start":{"line":27,"column":4},"end":{"line":27,"column":37}},"24":{"start":{"line":28,"column":4},"end":{"line":28,"column":47}},"25":{"start":{"line":29,"column":4},"end":{"line":29,"column":42}},"26":{"start":{"line":30,"column":4},"end":{"line":30,"column":42}}},"fnMap":{"0":{"name":"renderWatchListPage","decl":{"start":{"line":5,"column":22},"end":{"line":5,"column":41}},"loc":{"start":{"line":5,"column":41},"end":{"line":31,"column":1}}},"1":{"name":"(anonymous_1)","decl":{"start":{"line":23,"column":34},"end":{"line":23,"column":35}},"loc":{"start":{"line":23,"column":40},"end":{"line":25,"column":5}}}},"branchMap":{},"s":{"0":11,"1":11,"2":11,"3":4,"4":4,"5":4,"6":4,"7":4,"8":4,"9":4,"10":4,"11":4,"12":4,"13":4,"14":4,"15":4,"16":4,"17":4,"18":4,"19":4,"20":4,"21":2,"22":4,"23":4,"24":4,"25":4,"26":4},"f":{"0":4,"1":2},"b":{}}
,"/home/mohammad.fadhil/Desktop/Week-5/Day-4/src/tests/queue.ts": {"path":"/home/mohammad.fadhil/Desktop/Week-5/Day-4/src/tests/queue.ts","statementMap":{"0":{"start":{"line":4,"column":8},"end":{"line":4,"column":24}},"1":{"start":{"line":7,"column":8},"end":{"line":7,"column":29}},"2":{"start":{"line":10,"column":8},"end":{"line":10,"column":34}},"3":{"start":{"line":13,"column":8},"end":{"line":13,"column":29}},"4":{"start":{"line":16,"column":8},"end":{"line":16,"column":49}},"5":{"start":{"line":16,"column":37},"end":{"line":16,"column":49}},"6":{"start":{"line":17,"column":8},"end":{"line":17,"column":21}},"7":{"start":{"line":20,"column":8},"end":{"line":20,"column":26}},"8":{"start":{"line":1,"column":0},"end":{"line":1,"column":13}}},"fnMap":{"0":{"name":"(anonymous_0)","decl":{"start":{"line":3,"column":4},"end":{"line":3,"column":null}},"loc":{"start":{"line":3,"column":4},"end":{"line":5,"column":5}}},"1":{"name":"(anonymous_1)","decl":{"start":{"line":6,"column":4},"end":{"line":6,"column":11}},"loc":{"start":{"line":6,"column":18},"end":{"line":8,"column":5}}},"2":{"name":"(anonymous_2)","decl":{"start":{"line":9,"column":4},"end":{"line":9,"column":11}},"loc":{"start":{"line":9,"column":11},"end":{"line":11,"column":5}}},"3":{"name":"(anonymous_3)","decl":{"start":{"line":12,"column":4},"end":{"line":12,"column":8}},"loc":{"start":{"line":12,"column":8},"end":{"line":14,"column":5}}},"4":{"name":"(anonymous_4)","decl":{"start":{"line":15,"column":4},"end":{"line":15,"column":11}},"loc":{"start":{"line":15,"column":11},"end":{"line":18,"column":5}}},"5":{"name":"(anonymous_5)","decl":{"start":{"line":19,"column":4},"end":{"line":19,"column":12}},"loc":{"start":{"line":19,"column":12},"end":{"line":21,"column":5}}}},"branchMap":{"0":{"loc":{"start":{"line":16,"column":8},"end":{"line":16,"column":49}},"type":"if","locations":[{"start":{"line":16,"column":8},"end":{"line":16,"column":49}},{"start":{},"end":{}}]}},"s":{"0":1,"1":3,"2":1,"3":1,"4":1,"5":0,"6":1,"7":1,"8":1},"f":{"0":1,"1":3,"2":1,"3":1,"4":1,"5":1},"b":{"0":[0,1]}}
}
