TN:
SF:src/main.ts
FN:48,anchorRouteListener
FN:49,(anonymous_1)
FN:50,(anonymous_2)
FN:64,(anonymous_3)
FN:68,init
FN:90,onMovieAdded
FN:100,onMovieDelete
FN:110,(anonymous_7)
FN:115,(anonymous_8)
FN:119,(anonymous_9)
FN:123,(anonymous_10)
FNF:11
FNH:8
FNDA:12,anchorRouteListener
FNDA:4,(anonymous_1)
FNDA:1,(anonymous_2)
FNDA:0,(anonymous_3)
FNDA:3,init
FNDA:4,onMovieAdded
FNDA:0,onMovieDelete
FNDA:6,(anonymous_7)
FNDA:3,(anonymous_8)
FNDA:0,(anonymous_9)
FNDA:2,(anonymous_10)
DA:1,11
DA:2,11
DA:3,11
DA:4,11
DA:5,11
DA:6,11
DA:7,11
DA:8,11
DA:9,11
DA:10,11
DA:11,11
DA:13,11
DA:25,11
DA:28,11
DA:30,11
DA:31,0
DA:34,11
DA:35,11
DA:36,11
DA:38,11
DA:40,11
DA:42,11
DA:44,11
DA:46,11
DA:48,11
DA:49,12
DA:50,4
DA:51,1
DA:53,1
DA:54,1
DA:55,1
DA:56,0
DA:57,0
DA:62,11
DA:64,11
DA:65,0
DA:68,11
DA:69,3
DA:70,3
DA:71,3
DA:72,1
DA:73,1
DA:74,1
DA:75,1
DA:77,3
DA:78,2
DA:80,1
DA:81,1
DA:82,1
DA:83,1
DA:85,0
DA:90,11
DA:91,4
DA:100,11
DA:101,0
DA:110,11
DA:111,6
DA:112,4
DA:115,11
DA:116,3
DA:119,11
DA:120,0
DA:123,11
DA:124,2
DA:125,2
DA:127,2
DA:128,1
DA:129,1
DA:131,2
DA:132,0
DA:135,0
LF:71
LH:62
BRDA:28,0,0,0
BRDA:28,0,1,11
BRDA:30,1,0,0
BRDA:30,1,1,11
BRDA:55,2,0,0
BRDA:55,2,1,1
BRDA:71,3,0,1
BRDA:71,3,1,2
BRDA:77,4,0,2
BRDA:77,4,1,1
BRDA:124,5,0,2
BRDA:124,5,1,0
BRDA:127,6,0,1
BRDA:127,6,1,1
BRDA:128,7,0,1
BRDA:128,7,1,0
BRDA:131,8,0,0
BRDA:131,8,1,2
BRF:18
BRH:12
end_of_record
TN:
SF:src/js/utils.ts
FN:3,registerPath
FN:11,navigate
FN:30,onRouteChange
FN:40,fetchJSON1
FN:49,reducer
FN:80,createStore
FN:84,(anonymous_6)
FN:87,(anonymous_7)
FN:102,(anonymous_8)
FN:105,(anonymous_9)
FN:110,parseCSV
FN:125,(anonymous_11)
FN:138,parseLine
FN:166,showToast
FNF:14
FNH:13
FNDA:67,registerPath
FNDA:18,navigate
FNDA:6,onRouteChange
FNDA:9,fetchJSON1
FNDA:9,reducer
FNDA:11,createStore
FNDA:5,(anonymous_6)
FNDA:10,(anonymous_7)
FNDA:24,(anonymous_8)
FNDA:0,(anonymous_9)
FNDA:7,parseCSV
FNDA:7700,(anonymous_11)
FNDA:707,parseLine
FNDA:6,showToast
DA:1,11
DA:3,11
DA:8,67
DA:11,11
DA:16,18
DA:17,18
DA:18,18
DA:19,4
DA:20,2
DA:22,14
DA:24,14
DA:27,0
DA:30,11
DA:31,6
DA:40,11
DA:41,9
DA:42,9
DA:43,7
DA:44,7
DA:46,0
DA:49,11
DA:50,9
DA:52,6
DA:54,3
DA:55,3
DA:56,3
DA:61,3
DA:63,0
DA:68,0
DA:70,3
DA:75,3
DA:77,0
DA:80,11
DA:81,11
DA:82,11
DA:83,11
DA:85,5
DA:88,10
DA:92,1
DA:93,1
DA:95,9
DA:96,9
DA:98,9
DA:99,11
DA:103,24
DA:104,24
DA:105,24
DA:110,11
DA:111,7
DA:112,7
DA:113,7
DA:114,7
DA:116,7
DA:117,7
DA:119,7
DA:120,700
DA:122,700
DA:123,700
DA:125,700
DA:126,7700
DA:129,700
DA:132,7
DA:134,0
DA:139,707
DA:140,707
DA:141,707
DA:143,707
DA:144,295043
DA:146,295043
DA:147,3598
DA:148,14
DA:149,14
DA:151,3584
DA:153,291445
DA:154,7070
DA:155,7070
DA:157,284375
DA:161,707
DA:163,707
DA:166,11
DA:171,6
DA:172,6
DA:173,3
DA:175,6
DA:176,6
DA:177,6
DA:178,6
DA:179,6
DA:180,6
DA:181,6
DA:182,6
DA:183,6
DA:184,6
DA:185,6
DA:186,6
DA:187,2
DA:189,6
DA:190,3
DA:191,3
DA:192,3
DA:194,6
DA:195,1
DA:196,1
DA:197,1
DA:199,6
DA:200,0
DA:201,0
DA:202,0
DA:204,6
DA:205,6
DA:299,6
DA:300,6
DA:301,6
DA:302,6
DA:303,6
LF:115
LH:106
BRDA:17,0,0,18
BRDA:17,0,1,0
BRDA:18,1,0,4
BRDA:18,1,1,14
BRDA:18,2,0,18
BRDA:18,2,1,18
BRDA:50,3,0,6
BRDA:50,3,1,3
BRDA:50,3,2,0
BRDA:55,4,0,3
BRDA:55,4,1,0
BRDA:88,5,0,1
BRDA:88,5,1,9
BRDA:89,6,0,10
BRDA:89,6,1,1
BRDA:103,7,0,22
BRDA:103,7,1,2
BRDA:120,8,0,0
BRDA:120,8,1,700
BRDA:126,9,0,7700
BRDA:126,9,1,0
BRDA:146,10,0,3598
BRDA:146,10,1,291445
BRDA:147,11,0,14
BRDA:147,11,1,3584
BRDA:147,12,0,3598
BRDA:147,12,1,1806
BRDA:153,13,0,7070
BRDA:153,13,1,284375
BRDA:153,14,0,291445
BRDA:153,14,1,10983
BRDA:168,15,0,2
BRDA:169,16,0,2
BRDA:172,17,0,3
BRDA:172,17,1,3
BRDA:186,18,0,2
BRDA:186,18,1,4
BRDA:189,19,0,3
BRDA:189,19,1,3
BRDA:194,20,0,1
BRDA:194,20,1,5
BRDA:199,21,0,0
BRDA:199,21,1,6
BRF:43
BRH:37
end_of_record
TN:
SF:src/js/components/addWatchlistCard.ts
FN:4,addToList
FNF:1
FNH:1
FNDA:3,addToList
DA:1,11
DA:2,11
DA:4,11
DA:5,3
DA:6,3
DA:7,3
DA:8,3
DA:16,3
DA:17,3
DA:18,3
LF:10
LH:10
BRF:0
BRH:0
end_of_record
TN:
SF:src/js/components/createButton.ts
FN:1,createButton
FNF:1
FNH:1
FNDA:9,createButton
DA:1,11
DA:2,9
DA:3,9
DA:4,9
DA:5,9
DA:6,9
DA:7,9
DA:8,9
LF:8
LH:8
BRDA:1,0,0,9
BRDA:1,1,0,9
BRF:2
BRH:2
end_of_record
TN:
SF:src/js/components/createModal.ts
FN:2,createModal
FN:39,(anonymous_1)
FNF:2
FNH:2
FNDA:4,createModal
FNDA:1,(anonymous_1)
DA:1,11
DA:2,11
DA:3,4
DA:4,4
DA:5,4
DA:37,4
DA:40,1
DA:42,4
LF:8
LH:8
BRF:0
BRH:0
end_of_record
TN:
SF:src/js/components/isWatchList.ts
FN:4,isWatchList
FNF:1
FNH:1
FNDA:5,isWatchList
DA:2,11
DA:3,11
DA:4,11
DA:5,5
DA:6,1
DA:8,1
DA:9,1
DA:10,1
DA:11,1
DA:12,1
DA:13,1
DA:14,1
DA:15,1
DA:16,1
DA:24,1
DA:25,1
DA:28,1
DA:29,1
DA:30,1
LF:19
LH:19
BRDA:5,0,0,4
BRDA:5,0,1,1
BRDA:8,1,0,1
BRDA:8,1,1,0
BRDA:9,2,0,1
BRDA:9,2,1,0
BRF:6
BRH:4
end_of_record
TN:
SF:src/js/components/movieCards.ts
FN:4,createCard
FN:47,(anonymous_1)
FN:54,handleImageError
FN:59,(anonymous_3)
FN:70,createCard1
FN:113,(anonymous_5)
FN:122,handleImageError
FNF:7
FNH:7
FNDA:324,createCard
FNDA:2,(anonymous_1)
FNDA:1,handleImageError
FNDA:2,(anonymous_3)
FNDA:4,createCard1
FNDA:1,(anonymous_5)
FNDA:1,handleImageError
DA:1,11
DA:2,11
DA:3,11
DA:4,11
DA:5,324
DA:6,324
DA:7,324
DA:8,324
DA:9,324
DA:10,324
DA:11,324
DA:12,324
DA:13,324
DA:14,324
DA:15,324
DA:16,324
DA:17,324
DA:18,324
DA:19,324
DA:20,324
DA:21,324
DA:22,324
DA:23,324
DA:24,324
DA:25,324
DA:26,324
DA:27,324
DA:28,324
DA:29,324
DA:30,324
DA:31,324
DA:32,324
DA:33,324
DA:34,324
DA:35,796
DA:36,796
DA:37,796
DA:38,796
DA:40,324
DA:41,324
DA:42,324
DA:43,324
DA:44,324
DA:45,324
DA:46,324
DA:47,324
DA:48,2
DA:49,2
DA:50,2
DA:51,2
DA:53,324
DA:55,1
DA:56,1
DA:58,324
DA:59,324
DA:60,2
DA:61,2
DA:62,2
DA:63,2
DA:64,2
DA:65,2
DA:68,324
DA:70,11
DA:71,4
DA:72,4
DA:73,4
DA:74,4
DA:75,4
DA:76,4
DA:77,4
DA:78,4
DA:79,4
DA:80,4
DA:81,4
DA:82,4
DA:83,4
DA:84,4
DA:85,4
DA:86,4
DA:87,4
DA:88,4
DA:89,4
DA:90,4
DA:91,4
DA:92,4
DA:93,4
DA:94,4
DA:95,4
DA:96,4
DA:97,4
DA:98,4
DA:99,4
DA:100,4
DA:101,8
DA:102,8
DA:103,8
DA:104,8
DA:106,4
DA:107,4
DA:108,4
DA:109,4
DA:110,4
DA:111,4
DA:112,4
DA:113,4
DA:114,1
DA:115,1
DA:121,4
DA:123,1
DA:124,1
DA:126,4
LF:111
LH:111
BRDA:34,0,0,1120
BRDA:34,0,1,0
BRDA:50,1,0,2
BRDA:50,1,1,0
BRDA:61,2,0,2
BRDA:61,2,1,0
BRDA:100,3,0,12
BRDA:100,3,1,0
BRF:8
BRH:4
end_of_record
TN:
SF:src/js/components/searchCardMovieAdded.ts
FN:2,searchCardMovieAdded
FNF:1
FNH:1
FNDA:1,searchCardMovieAdded
DA:1,10
DA:2,10
DA:7,1
DA:8,1
DA:9,1
DA:10,1
DA:11,1
DA:13,1
LF:8
LH:8
BRF:0
BRH:0
end_of_record
TN:
SF:src/js/components/searchCards.ts
FN:3,createSearchCard
FN:21,(anonymous_1)
FN:27,handleImageError
FNF:3
FNH:2
FNDA:10,createSearchCard
FNDA:1,(anonymous_1)
FNDA:0,handleImageError
DA:1,10
DA:2,10
DA:3,10
DA:4,10
DA:5,10
DA:6,10
DA:7,10
DA:8,10
DA:9,10
DA:10,10
DA:11,10
DA:12,10
DA:13,10
DA:14,10
DA:15,10
DA:16,10
DA:17,10
DA:18,10
DA:19,10
DA:20,10
DA:21,10
DA:22,1
DA:23,1
DA:25,10
DA:26,10
DA:28,0
DA:29,0
DA:32,10
LF:28
LH:26
BRF:0
BRH:0
end_of_record
TN:
SF:src/js/components/searchMovies.ts
FN:3,searchMovies
FN:24,(anonymous_1)
FNF:2
FNH:2
FNDA:3,searchMovies
FNDA:10,(anonymous_1)
DA:1,10
DA:2,10
DA:3,10
DA:4,3
DA:5,3
DA:6,3
DA:7,3
DA:8,3
DA:9,1
DA:11,2
DA:15,2
DA:16,1
DA:18,1
DA:22,1
DA:23,1
DA:24,1
DA:25,10
DA:26,10
LF:18
LH:18
BRDA:8,0,0,1
BRDA:8,0,1,2
BRDA:15,1,0,1
BRDA:15,1,1,1
BRF:4
BRH:4
end_of_record
TN:
SF:src/js/components/updateWatchList.ts
FN:3,updateWatchList
FNF:1
FNH:1
FNDA:5,updateWatchList
DA:2,11
DA:3,11
DA:8,5
DA:9,5
DA:10,5
DA:11,4
DA:12,2
DA:14,5
DA:15,1
DA:16,1
DA:18,5
LF:11
LH:11
BRDA:10,0,0,4
BRDA:10,0,1,1
BRDA:11,1,0,2
BRDA:11,1,1,2
BRDA:14,2,0,1
BRDA:14,2,1,4
BRF:6
BRH:6
end_of_record
TN:
SF:src/js/pages/detail.ts
FN:2,renderDetailPage
FNF:1
FNH:1
FNDA:4,renderDetailPage
DA:1,11
DA:2,11
DA:3,4
DA:4,4
DA:5,2
DA:6,2
DA:7,2
DA:8,2
DA:9,2
DA:10,2
DA:11,2
DA:12,2
DA:14,2
DA:16,2
DA:19,2
DA:20,2
DA:22,2
DA:25,2
DA:26,2
DA:27,2
DA:28,2
DA:29,2
DA:30,2
DA:31,2
DA:32,2
DA:33,2
DA:34,2
DA:35,2
LF:28
LH:28
BRF:0
BRH:0
end_of_record
TN:
SF:src/js/pages/home.ts
FN:4,renderHomePage
FNF:1
FNH:1
FNDA:5,renderHomePage
DA:1,11
DA:2,11
DA:4,11
DA:5,5
DA:6,5
DA:7,5
DA:8,5
DA:9,5
DA:10,5
DA:11,5
DA:12,5
DA:13,5
DA:14,5
DA:15,5
DA:16,5
DA:17,5
DA:18,5
DA:19,5
DA:20,5
DA:21,5
DA:22,5
DA:23,5
DA:24,5
DA:25,4
DA:26,24
DA:27,24
DA:29,1
DA:30,5
DA:31,5
LF:29
LH:29
BRDA:24,0,0,4
BRDA:24,0,1,1
BRF:2
BRH:2
end_of_record
TN:
SF:src/js/pages/list.ts
FN:4,renderListPage
FNF:1
FNH:1
FNDA:4,renderListPage
DA:1,11
DA:2,11
DA:4,11
DA:5,4
DA:6,4
DA:7,4
DA:8,4
DA:9,4
DA:10,4
DA:11,4
DA:12,4
DA:13,4
DA:14,4
DA:15,4
DA:16,4
DA:17,4
DA:18,3
DA:19,300
DA:20,300
DA:22,1
DA:23,4
DA:24,4
LF:22
LH:22
BRDA:17,0,0,3
BRDA:17,0,1,1
BRF:2
BRH:2
end_of_record
TN:
SF:src/js/pages/settings.ts
FN:3,renderSettingsPage
FNF:1
FNH:1
FNDA:1,renderSettingsPage
DA:1,11
DA:3,11
DA:4,1
DA:5,1
DA:6,1
DA:7,1
DA:8,1
DA:9,1
DA:10,1
DA:11,1
DA:12,1
DA:13,1
DA:14,1
DA:15,1
DA:16,1
DA:17,1
DA:18,1
DA:19,1
DA:20,1
DA:22,1
DA:23,1
DA:25,1
DA:27,1
DA:28,1
DA:30,1
DA:32,1
DA:33,1
DA:35,1
DA:37,1
DA:38,1
DA:40,1
DA:42,1
DA:43,1
DA:44,1
LF:34
LH:34
BRF:0
BRH:0
end_of_record
TN:
SF:src/js/pages/watchlist.ts
FN:5,renderWatchListPage
FN:23,(anonymous_1)
FNF:2
FNH:2
FNDA:4,renderWatchListPage
FNDA:2,(anonymous_1)
DA:1,11
DA:2,11
DA:5,11
DA:6,4
DA:7,4
DA:8,4
DA:9,4
DA:10,4
DA:11,4
DA:12,4
DA:13,4
DA:14,4
DA:15,4
DA:16,4
DA:17,4
DA:18,4
DA:19,4
DA:20,4
DA:21,4
DA:22,4
DA:23,4
DA:24,2
DA:26,4
DA:27,4
DA:28,4
DA:29,4
DA:30,4
LF:27
LH:27
BRF:0
BRH:0
end_of_record
TN:
SF:src/tests/queue.ts
FN:3,(anonymous_0)
FN:6,(anonymous_1)
FN:9,(anonymous_2)
FN:12,(anonymous_3)
FN:15,(anonymous_4)
FN:19,(anonymous_5)
FNF:6
FNH:6
FNDA:1,(anonymous_0)
FNDA:3,(anonymous_1)
FNDA:1,(anonymous_2)
FNDA:1,(anonymous_3)
FNDA:1,(anonymous_4)
FNDA:1,(anonymous_5)
DA:1,1
DA:4,1
DA:7,3
DA:10,1
DA:13,1
DA:16,1
DA:17,1
DA:20,1
LF:8
LH:8
BRDA:16,0,0,0
BRDA:16,0,1,1
BRF:2
BRH:1
end_of_record
