TN:
SF:main.ts
FN:59,anchorRouteListener
FN:60,(anonymous_1)
FN:61,(anonymous_2)
FN:79,init
FN:111,onMovieAdded
FN:121,onMovieDelete
FN:131,(anonymous_6)
FN:136,(anonymous_7)
FN:140,(anonymous_8)
FN:144,(anonymous_9)
FNF:10
FNH:8
FNDA:11,anchorRouteListener
FNDA:4,(anonymous_1)
FNDA:1,(anonymous_2)
FNDA:3,init
FNDA:4,onMovieAdded
FNDA:0,onMovieDelete
FNDA:6,(anonymous_6)
FNDA:3,(anonymous_7)
FNDA:0,(anonymous_8)
FNDA:2,(anonymous_9)
DA:1,10
DA:2,10
DA:3,10
DA:4,10
DA:5,10
DA:6,10
DA:7,10
DA:8,10
DA:9,10
DA:10,10
DA:11,10
DA:24,10
DA:36,10
DA:39,10
DA:41,10
DA:42,0
DA:45,10
DA:46,10
DA:47,10
DA:49,10
DA:51,10
DA:53,10
DA:55,10
DA:57,10
DA:59,10
DA:60,11
DA:61,4
DA:62,1
DA:64,1
DA:65,1
DA:66,1
DA:67,0
DA:68,0
DA:73,10
DA:79,10
DA:80,3
DA:81,3
DA:82,3
DA:83,1
DA:84,1
DA:85,1
DA:86,1
DA:88,3
DA:89,2
DA:91,1
DA:92,1
DA:93,1
DA:94,1
DA:96,0
DA:111,10
DA:112,4
DA:121,10
DA:122,0
DA:131,10
DA:132,6
DA:133,4
DA:136,10
DA:137,3
DA:140,10
DA:141,0
DA:144,10
DA:145,2
DA:146,2
DA:148,2
DA:149,1
DA:150,1
DA:152,2
DA:153,0
DA:156,0
LF:69
LH:61
BRDA:39,0,0,0
BRDA:39,0,1,10
BRDA:41,1,0,0
BRDA:41,1,1,10
BRDA:66,2,0,0
BRDA:66,2,1,1
BRDA:82,3,0,1
BRDA:82,3,1,2
BRDA:88,4,0,2
BRDA:88,4,1,1
BRDA:145,5,0,2
BRDA:145,5,1,0
BRDA:148,6,0,1
BRDA:148,6,1,1
BRDA:149,7,0,1
BRDA:149,7,1,0
BRDA:152,8,0,0
BRDA:152,8,1,2
BRF:18
BRH:12
end_of_record
TN:
SF:js/utils.ts
FN:3,registerPath
FN:11,navigate
FN:30,onRouteChange
FN:50,fetchJSON1
FN:59,reducer
FN:90,createStore
FN:94,(anonymous_6)
FN:97,(anonymous_7)
FN:112,(anonymous_8)
FN:115,(anonymous_9)
FN:120,parseCSV
FN:135,(anonymous_11)
FN:148,parseLine
FN:176,showToast
FNF:14
FNH:13
FNDA:62,registerPath
FNDA:18,navigate
FNDA:6,onRouteChange
FNDA:9,fetchJSON1
FNDA:9,reducer
FNDA:10,createStore
FNDA:6,(anonymous_6)
FNDA:10,(anonymous_7)
FNDA:22,(anonymous_8)
FNDA:0,(anonymous_9)
FNDA:7,parseCSV
FNDA:7700,(anonymous_11)
FNDA:707,parseLine
FNDA:6,showToast
DA:1,10
DA:3,10
DA:8,62
DA:11,10
DA:16,18
DA:17,18
DA:18,18
DA:19,4
DA:20,2
DA:22,14
DA:24,14
DA:27,0
DA:30,10
DA:31,6
DA:50,10
DA:51,9
DA:52,9
DA:53,7
DA:54,7
DA:56,0
DA:59,10
DA:60,9
DA:62,6
DA:64,3
DA:65,3
DA:66,3
DA:71,3
DA:73,0
DA:78,0
DA:80,3
DA:85,3
DA:87,0
DA:90,10
DA:91,10
DA:92,10
DA:93,10
DA:95,6
DA:98,10
DA:102,1
DA:103,1
DA:105,9
DA:106,9
DA:108,9
DA:109,11
DA:113,22
DA:114,22
DA:115,22
DA:120,10
DA:121,7
DA:122,7
DA:123,7
DA:124,7
DA:126,7
DA:127,7
DA:129,7
DA:130,700
DA:132,700
DA:133,700
DA:135,700
DA:136,7700
DA:139,700
DA:142,7
DA:144,0
DA:149,707
DA:150,707
DA:151,707
DA:153,707
DA:154,295043
DA:156,295043
DA:157,3598
DA:158,14
DA:159,14
DA:161,3584
DA:163,291445
DA:164,7070
DA:165,7070
DA:167,284375
DA:171,707
DA:173,707
DA:176,10
DA:181,6
DA:182,6
DA:183,3
DA:185,6
DA:186,6
DA:187,6
DA:188,6
DA:189,6
DA:190,6
DA:191,6
DA:192,6
DA:193,6
DA:194,6
DA:195,6
DA:196,6
DA:197,2
DA:199,6
DA:200,3
DA:201,3
DA:202,3
DA:204,6
DA:205,1
DA:206,1
DA:207,1
DA:209,6
DA:210,0
DA:211,0
DA:212,0
DA:214,6
DA:215,6
DA:309,6
DA:310,6
DA:311,6
DA:312,6
DA:313,6
LF:115
LH:106
BRDA:17,0,0,18
BRDA:17,0,1,0
BRDA:18,1,0,4
BRDA:18,1,1,14
BRDA:18,2,0,18
BRDA:18,2,1,18
BRDA:60,3,0,6
BRDA:60,3,1,3
BRDA:60,3,2,0
BRDA:65,4,0,3
BRDA:65,4,1,0
BRDA:98,5,0,1
BRDA:98,5,1,9
BRDA:99,6,0,10
BRDA:99,6,1,1
BRDA:113,7,0,20
BRDA:113,7,1,2
BRDA:130,8,0,0
BRDA:130,8,1,700
BRDA:136,9,0,7700
BRDA:136,9,1,0
BRDA:156,10,0,3598
BRDA:156,10,1,291445
BRDA:157,11,0,14
BRDA:157,11,1,3584
BRDA:157,12,0,3598
BRDA:157,12,1,1806
BRDA:163,13,0,7070
BRDA:163,13,1,284375
BRDA:163,14,0,291445
BRDA:163,14,1,10983
BRDA:178,15,0,2
BRDA:179,16,0,2
BRDA:182,17,0,3
BRDA:182,17,1,3
BRDA:196,18,0,2
BRDA:196,18,1,4
BRDA:199,19,0,3
BRDA:199,19,1,3
BRDA:204,20,0,1
BRDA:204,20,1,5
BRDA:209,21,0,0
BRDA:209,21,1,6
BRF:43
BRH:37
end_of_record
TN:
SF:js/components/addWatchlistCard.ts
FN:4,addToList
FNF:1
FNH:1
FNDA:3,addToList
DA:1,10
DA:2,10
DA:4,10
DA:5,3
DA:6,3
DA:7,3
DA:15,3
DA:16,3
DA:17,3
LF:9
LH:9
BRF:0
BRH:0
end_of_record
TN:
SF:js/components/createButton.ts
FN:1,createButton
FNF:1
FNH:1
FNDA:9,createButton
DA:1,10
DA:2,9
DA:3,9
DA:4,9
DA:5,9
DA:6,9
DA:7,9
DA:8,9
LF:8
LH:8
BRDA:1,0,0,9
BRDA:1,1,0,9
BRF:2
BRH:2
end_of_record
TN:
SF:js/components/createModal.ts
FN:2,createModal
FN:42,(anonymous_1)
FNF:2
FNH:2
FNDA:4,createModal
FNDA:1,(anonymous_1)
DA:1,10
DA:2,10
DA:3,4
DA:4,4
DA:5,4
DA:40,4
DA:43,1
DA:45,4
LF:8
LH:8
BRF:0
BRH:0
end_of_record
TN:
SF:js/components/isWatchList.ts
FN:4,isWatchList
FNF:1
FNH:1
FNDA:5,isWatchList
DA:2,10
DA:3,10
DA:4,10
DA:5,5
DA:6,1
DA:8,1
DA:9,1
DA:10,1
DA:11,1
DA:12,1
DA:13,1
DA:14,1
DA:15,1
DA:16,1
DA:24,1
DA:25,1
DA:28,1
DA:29,1
DA:30,1
LF:19
LH:19
BRDA:5,0,0,4
BRDA:5,0,1,1
BRDA:8,1,0,1
BRDA:8,1,1,0
BRDA:9,2,0,1
BRDA:9,2,1,0
BRF:6
BRH:4
end_of_record
TN:
SF:js/components/movieCards.ts
FN:4,createCard
FN:48,(anonymous_1)
FN:55,handleImageError
FN:60,(anonymous_3)
FN:71,createCard1
FN:114,(anonymous_5)
FN:123,handleImageError
FNF:7
FNH:7
FNDA:324,createCard
FNDA:2,(anonymous_1)
FNDA:1,handleImageError
FNDA:2,(anonymous_3)
FNDA:4,createCard1
FNDA:1,(anonymous_5)
FNDA:1,handleImageError
DA:1,10
DA:2,10
DA:3,10
DA:4,10
DA:5,324
DA:6,324
DA:7,324
DA:8,324
DA:9,324
DA:10,324
DA:11,324
DA:12,324
DA:13,324
DA:14,324
DA:15,324
DA:16,324
DA:17,324
DA:18,324
DA:19,324
DA:20,324
DA:21,324
DA:22,324
DA:23,324
DA:24,324
DA:25,324
DA:26,324
DA:27,324
DA:28,324
DA:29,324
DA:30,324
DA:31,324
DA:32,324
DA:33,324
DA:34,324
DA:35,324
DA:36,796
DA:37,796
DA:38,796
DA:39,796
DA:41,324
DA:42,324
DA:43,324
DA:44,324
DA:45,324
DA:46,324
DA:47,324
DA:48,324
DA:49,2
DA:50,2
DA:51,2
DA:52,2
DA:54,324
DA:56,1
DA:57,1
DA:59,324
DA:60,324
DA:61,2
DA:62,2
DA:63,2
DA:64,2
DA:65,2
DA:66,2
DA:69,324
DA:71,10
DA:72,4
DA:73,4
DA:74,4
DA:75,4
DA:76,4
DA:77,4
DA:78,4
DA:79,4
DA:80,4
DA:81,4
DA:82,4
DA:83,4
DA:84,4
DA:85,4
DA:86,4
DA:87,4
DA:88,4
DA:89,4
DA:90,4
DA:91,4
DA:92,4
DA:93,4
DA:94,4
DA:95,4
DA:96,4
DA:97,4
DA:98,4
DA:99,4
DA:100,4
DA:101,4
DA:102,8
DA:103,8
DA:104,8
DA:105,8
DA:107,4
DA:108,4
DA:109,4
DA:110,4
DA:111,4
DA:112,4
DA:113,4
DA:114,4
DA:115,1
DA:116,1
DA:122,4
DA:124,1
DA:125,1
DA:127,4
LF:112
LH:112
BRDA:34,0,0,324
BRDA:34,0,1,0
BRDA:35,1,0,1120
BRDA:35,1,1,0
BRDA:51,2,0,2
BRDA:51,2,1,0
BRDA:62,3,0,2
BRDA:62,3,1,0
BRDA:101,4,0,12
BRDA:101,4,1,0
BRF:10
BRH:5
end_of_record
TN:
SF:js/components/searchCardMovieAdded.ts
FN:2,searchCardMovieAdded
FNF:1
FNH:1
FNDA:1,searchCardMovieAdded
DA:1,9
DA:2,9
DA:7,1
DA:8,1
DA:9,1
DA:10,1
DA:11,1
DA:13,1
LF:8
LH:8
BRF:0
BRH:0
end_of_record
TN:
SF:js/components/searchCards.ts
FN:3,createSearchCard
FN:21,(anonymous_1)
FN:27,handleImageError
FNF:3
FNH:2
FNDA:10,createSearchCard
FNDA:1,(anonymous_1)
FNDA:0,handleImageError
DA:1,9
DA:2,9
DA:3,9
DA:4,10
DA:5,10
DA:6,10
DA:7,10
DA:8,10
DA:9,10
DA:10,10
DA:11,10
DA:12,10
DA:13,10
DA:14,10
DA:15,10
DA:16,10
DA:17,10
DA:18,10
DA:19,10
DA:20,10
DA:21,10
DA:22,1
DA:23,1
DA:25,10
DA:26,10
DA:28,0
DA:29,0
DA:32,10
LF:28
LH:26
BRF:0
BRH:0
end_of_record
TN:
SF:js/components/searchMovies.ts
FN:3,searchMovies
FN:23,(anonymous_1)
FNF:2
FNH:2
FNDA:3,searchMovies
FNDA:10,(anonymous_1)
DA:1,9
DA:2,9
DA:3,9
DA:4,3
DA:5,3
DA:6,3
DA:7,3
DA:8,3
DA:9,1
DA:11,2
DA:15,2
DA:16,1
DA:18,1
DA:21,1
DA:22,1
DA:23,1
DA:24,10
DA:25,10
LF:18
LH:18
BRDA:8,0,0,1
BRDA:8,0,1,2
BRDA:15,1,0,1
BRDA:15,1,1,1
BRF:4
BRH:4
end_of_record
TN:
SF:js/components/updateWatchList.ts
FN:3,updateWatchList
FNF:1
FNH:1
FNDA:5,updateWatchList
DA:2,10
DA:3,10
DA:8,5
DA:9,5
DA:10,5
DA:11,4
DA:12,2
DA:14,5
DA:15,1
DA:16,1
DA:18,5
LF:11
LH:11
BRDA:10,0,0,4
BRDA:10,0,1,1
BRDA:11,1,0,2
BRDA:11,1,1,2
BRDA:14,2,0,1
BRDA:14,2,1,4
BRF:6
BRH:6
end_of_record
TN:
SF:js/pages/detail.ts
FN:2,renderDetailPage
FNF:1
FNH:1
FNDA:4,renderDetailPage
DA:1,10
DA:2,10
DA:3,4
DA:4,4
DA:5,2
DA:6,2
DA:7,2
DA:8,2
DA:9,2
DA:10,2
DA:11,2
DA:12,2
DA:14,2
DA:16,2
DA:19,2
DA:20,2
DA:22,2
DA:25,2
DA:26,2
DA:27,2
DA:28,2
DA:29,2
DA:30,2
DA:31,2
DA:32,2
DA:33,2
DA:34,2
DA:35,2
LF:28
LH:28
BRF:0
BRH:0
end_of_record
TN:
SF:js/pages/home.ts
FN:5,renderHomePage
FNF:1
FNH:1
FNDA:5,renderHomePage
DA:1,10
DA:2,10
DA:5,10
DA:6,5
DA:7,5
DA:8,5
DA:9,5
DA:10,5
DA:11,5
DA:12,5
DA:13,5
DA:14,5
DA:15,5
DA:16,5
DA:17,5
DA:18,5
DA:19,5
DA:20,5
DA:21,5
DA:22,5
DA:23,5
DA:24,5
DA:25,5
DA:26,4
DA:27,24
DA:28,24
DA:30,1
DA:31,5
DA:32,5
LF:29
LH:29
BRDA:25,0,0,4
BRDA:25,0,1,1
BRF:2
BRH:2
end_of_record
TN:
SF:js/pages/list.ts
FN:5,renderListPage
FNF:1
FNH:1
FNDA:4,renderListPage
DA:1,10
DA:2,10
DA:5,10
DA:6,4
DA:7,4
DA:8,4
DA:9,4
DA:10,4
DA:11,4
DA:12,4
DA:13,4
DA:14,4
DA:15,4
DA:16,4
DA:17,4
DA:18,4
DA:19,3
DA:20,300
DA:21,300
DA:23,1
DA:24,4
DA:25,4
LF:22
LH:22
BRDA:18,0,0,3
BRDA:18,0,1,1
BRF:2
BRH:2
end_of_record
TN:
SF:js/pages/settings.ts
FN:4,renderSettingsPage
FNF:1
FNH:1
FNDA:1,renderSettingsPage
DA:1,10
DA:4,10
DA:5,1
DA:6,1
DA:7,1
DA:8,1
DA:9,1
DA:10,1
DA:11,1
DA:12,1
DA:13,1
DA:14,1
DA:15,1
DA:16,1
DA:17,1
DA:18,1
DA:19,1
DA:20,1
DA:21,1
DA:23,1
DA:24,1
DA:26,1
DA:28,1
DA:29,1
DA:31,1
DA:33,1
DA:34,1
DA:36,1
DA:38,1
DA:39,1
DA:41,1
DA:43,1
DA:44,1
DA:45,1
LF:34
LH:34
BRF:0
BRH:0
end_of_record
TN:
SF:js/pages/watchlist.ts
FN:6,renderWatchListPage
FN:24,(anonymous_1)
FNF:2
FNH:2
FNDA:4,renderWatchListPage
FNDA:2,(anonymous_1)
DA:1,10
DA:2,10
DA:6,10
DA:7,4
DA:8,4
DA:9,4
DA:10,4
DA:11,4
DA:12,4
DA:13,4
DA:14,4
DA:15,4
DA:16,4
DA:17,4
DA:18,4
DA:19,4
DA:20,4
DA:21,4
DA:22,4
DA:23,4
DA:24,4
DA:25,2
DA:27,4
DA:28,4
DA:29,4
DA:30,4
DA:31,4
LF:27
LH:27
BRF:0
BRH:0
end_of_record
TN:
SF:tests/queue.ts
FN:3,(anonymous_0)
FN:6,(anonymous_1)
FN:9,(anonymous_2)
FN:12,(anonymous_3)
FN:15,(anonymous_4)
FN:19,(anonymous_5)
FNF:6
FNH:6
FNDA:1,(anonymous_0)
FNDA:3,(anonymous_1)
FNDA:1,(anonymous_2)
FNDA:1,(anonymous_3)
FNDA:1,(anonymous_4)
FNDA:1,(anonymous_5)
DA:1,1
DA:4,1
DA:7,3
DA:10,1
DA:13,1
DA:16,1
DA:17,1
DA:20,1
LF:8
LH:8
BRDA:16,0,0,0
BRDA:16,0,1,1
BRF:2
BRH:1
end_of_record
